-> request: /v1/api/tickle
-> request: /v1/api/tickle
-> request: /v1/api/tickle
-> request: /v1/api/tickle
-> request: /v1/api/tickle
-> request: /v1/api/tickle
-> GET /v1/api/tickle,401|200ms
-> request: /v1/api/sso/validate?gw=1
-> GET /v1/api/sso/validate?gw=1,401|159ms
-> request: /v1/api/sso/validate?gw=1
-> request: /sso/ping
-> request: /sso/ping
-> GET /sso/ping,200|195ms
-> request: /sso/ping
-> request: /sso/ping
-> GET /sso/ping,200|334ms
-> request: /sso/ping
-> request: /sso/ping
-> GET /sso/ping,200|242ms
-> request: /sso/ping
-> request: /sso/ping
-> GET /sso/ping,200|229ms
-> request: /sso/ping
-> request: /sso/ping
-> GET /sso/ping,200|383ms
-> request: /sso/ping
-> request: /sso/ping
-> GET /sso/ping,200|502ms
-> request: /sso/ping
