-> GET /sso/Login?forwardTo=22&RL=1&ip2loc=US
<- 200 GET /sso/Login?forwardTo=22&RL=1&ip2loc=US
-> GET /css/bootstrap-5.2.2/bootstrap.min.css
-> GET /css/fontawesome-6.2.0/all.min.css
-> GET /css/reg-am/login.min.css
-> GET /css/ibkr/theme-ibkr-portal.min.css
-> GET /sso/lib/xyz.bundle.min.js
-> GET /scripts/common/js/bootstrap-5.2.2/bootstrap.bundle.min.js
<- 200 GET /css/bootstrap-5.2.2/bootstrap.min.css
<- 200 GET /css/ibkr/theme-ibkr-portal.min.css
-> GET /scripts/common/js/jquery-3.7.0/jquery.min.js
<- 200 GET /css/fontawesome-6.2.0/all.min.css
<- 200 GET /sso/lib/xyz.bundle.min.js
<- 200 GET /css/reg-am/login.min.css
<- 200 GET /scripts/common/js/bootstrap-5.2.2/bootstrap.bundle.min.js
<- 200 GET /scripts/common/js/jquery-3.7.0/jquery.min.js
-> GET /images/2015/btn-app-apple.png
-> GET /images/2015/btn-app-google.png
<- 200 GET /images/2015/btn-app-google.png
-> GET /images/2015/btn-app-tws.png
<- 200 GET /images/2015/btn-app-apple.png
-> GET /images/2015/button_discover_apis.png
<- 200 GET /images/2015/btn-app-tws.png
<- 200 GET /images/2015/button_discover_apis.png
-> GET /images/common/logos/ibkr/interactive-brokers.svg
-> POST /portal.proxy/v1/gstat/bulletins
-> GET /sso/images/2fa-animated-once.gif
-> GET /fonts/proxima-nova/Proxima-Nova-Semibold.woff2
-> GET /fonts/fontawesome-6.4.2/webfonts/fa-solid-900.woff2
-> GET /fonts/proxima-nova/Proxima-Nova-Light.woff2
<- 200 GET /sso/images/2fa-animated-once.gif
<- 200 GET /images/common/logos/ibkr/interactive-brokers.svg
<- 200 GET /fonts/fontawesome-6.4.2/webfonts/fa-solid-900.woff2
-> GET /fonts/proxima-nova/Proxima-Nova-Regular.woff2
<- 200 GET /fonts/proxima-nova/Proxima-Nova-Semibold.woff2
<- 200 GET /fonts/proxima-nova/Proxima-Nova-Light.woff2
<- 200 GET /fonts/proxima-nova/Proxima-Nova-Regular.woff2
<- 204 POST /portal.proxy/v1/gstat/bulletins
-> GET /images/web/favicons/home-screen-icon-128x128.png
<- 200 GET /images/web/favicons/home-screen-icon-128x128.png
-> POST /sso/Authenticator
<- 200 POST /sso/Authenticator
-> POST /sso/Authenticator
<- 200 POST /sso/Authenticator
-> POST /sso/Authenticator
<- 200 POST /sso/Authenticator
-> GET /sso/images/2fa-animated-once.gif?q=0.17418003220812217
-> GET /fonts/proxima-nova/proximanova-extrabold.woff2
<- 200 GET /sso/images/2fa-animated-once.gif?q=0.17418003220812217
<- 200 GET /fonts/proxima-nova/proximanova-extrabold.woff2
-> POST /sso/Authenticator
<- 200 POST /sso/Authenticator
-> POST /sso/Authenticator
<- 200 POST /sso/Authenticator
-> POST /sso/Authenticator
<- 200 POST /sso/Authenticator
-> POST /sso/Authenticator
-> POST /sso/Authenticator
<- 200 POST /sso/Authenticator
<- 200 POST /sso/Authenticator
-> POST /sso/Authenticator
<- 200 POST /sso/Authenticator
-> POST /sso/Dispatcher
<- 302 POST /sso/Dispatcher
-> request: /v1/api/sso/validate?gw=1
-> GET /v1/api/sso/validate?gw=1,200|2658ms
-> request: /v1/api/one/user
-> request: /v1/api/ssodh/init
-> sso GET https://api.ibkr.com/v1/api/ssodh/init
-> GET /v1/api/one/user,200|260ms
-> request: /v1/api/ssodh/st
-> sso GET https://api.ibkr.com/v1/api/ssodh/st
-> request: /sso/Authenticator?ACTION=PUBLISH_TST&RESP_TYPE=JSON&DEVICE_ID=149f9fd9|5C-E9-1E-81-A5-86
-> sso GET https://api.ibkr.com/sso/Authenticator?ACTION=PUBLISH_TST&RESP_TYPE=JSON&DEVICE_ID=149f9fd9|5C-E9-1E-81-A5-86
<- 200 GET https://api.ibkr.com/sso/Authenticator?ACTION=PUBLISH_TST&RESP_TYPE=JSON&DEVICE_ID=149f9fd9|5C-E9-1E-81-A5-86 0
-> request: /v1/api/iserver/auth/status
-> GET /v1/api/iserver/auth/status,200|134ms
-> request: /v1/api/iserver/auth/ssodh/init
-> POST https://api.ibkr.com/v1/api/iserver/auth/ssodh/init,200|2464ms
-> request: /v1/api/iserver/accounts
-> GET /v1/api/iserver/accounts,200|112ms
-> request: /v1/api/tickle
-> GET /v1/api/tickle,200|621ms
-> request: /v1/api/tickle
-> GET /v1/api/tickle,200|117ms
-> request: /v1/api/tickle
-> GET /v1/api/tickle,200|564ms
-> request: /v1/api/tickle
-> GET /v1/api/tickle,200|128ms
-> request: /v1/api/tickle
-> GET /v1/api/tickle,200|831ms
-> request: /v1/api/tickle
-> GET /v1/api/tickle,200|2871ms
-> request: /v1/api/tickle
-> GET /v1/api/tickle,200|127ms
-> request: /v1/api/tickle
-> GET /v1/api/tickle,200|179ms
-> request: /v1/api/tickle
-> GET /v1/api/tickle,200|2857ms
-> request: /sso/ping
-> GET /sso/ping,200|5030ms
-> request: /v1/api/tickle
-> GET /v1/api/tickle,200|1667ms
-> request: /v1/api/tickle
-> GET /v1/api/tickle,200|1941ms
-> request: /v1/api/tickle
-> GET /v1/api/tickle,200|1034ms
-> request: /v1/api/tickle
-> GET /v1/api/tickle,200|120ms
-> request: /v1/api/tickle
-> GET /v1/api/tickle,200|2151ms
-> request: /v1/api/tickle
-> GET /v1/api/tickle,200|2943ms
-> request: /v1/api/tickle
-> GET /v1/api/tickle,200|4158ms
-> request: /v1/api/tickle
-> GET /v1/api/tickle,200|119ms
-> request: /v1/api/tickle
-> GET /v1/api/tickle,200|143ms
-> request: /v1/api/tickle
-> GET /v1/api/tickle,200|261ms
-> request: /sso/ping
-> GET /sso/ping,200|177ms
-> request: /v1/api/tickle
-> GET /v1/api/tickle,200|120ms
-> request: /v1/api/tickle
-> GET /v1/api/tickle,200|1636ms
-> request: /v1/api/tickle
-> GET /v1/api/tickle,200|118ms
-> request: /v1/api/tickle
-> GET /v1/api/tickle,200|132ms
-> request: /v1/api/tickle
-> GET /v1/api/tickle,200|127ms
-> request: /v1/api/tickle
-> GET /v1/api/tickle,200|473ms
-> request: /v1/api/tickle
-> GET /v1/api/tickle,200|123ms
-> request: /v1/api/tickle
-> GET /v1/api/tickle,200|137ms
-> request: /v1/api/tickle
-> GET /v1/api/tickle,200|276ms
-> request: /v1/api/tickle
-> GET /v1/api/tickle,200|178ms
-> request: /sso/ping
-> GET /sso/ping,200|127ms
-> request: /v1/api/tickle
-> GET /v1/api/tickle,200|120ms
-> request: /v1/api/tickle
-> GET /v1/api/tickle,200|150ms
-> request: /v1/api/tickle
-> GET /v1/api/tickle,200|201ms
-> request: /v1/api/tickle
-> GET /v1/api/tickle,200|161ms
-> GET /v1/api/iserver/account/trades?days=3
<- 500 GET /v1/api/iserver/account/trades?days=3
-> request: /v1/api/tickle
-> GET /v1/api/tickle,200|1083ms
-> request: /v1/api/tickle
-> GET /v1/api/tickle,200|127ms
-> request: /v1/api/tickle
-> GET /v1/api/tickle,200|249ms
-> request: /v1/api/tickle
-> GET /v1/api/tickle,200|125ms
-> request: /v1/api/tickle
-> GET /v1/api/tickle,200|120ms
-> request: /v1/api/tickle
-> GET /v1/api/tickle,200|2540ms
-> request: /sso/ping
-> GET /sso/ping,200|140ms
-> GET /v1/api/iserver/account/trades?days=3
<- 500 GET /v1/api/iserver/account/trades?days=3
-> GET /v1/api/iserver/account/trades?days=3
-> request: /v1/api/tickle
<- 500 GET /v1/api/iserver/account/trades?days=3
-> GET /v1/api/tickle,200|134ms
-> request: /v1/api/tickle
-> GET /v1/api/tickle,200|117ms
-> request: /v1/api/tickle
-> GET /v1/api/tickle,200|124ms
-> request: /v1/api/tickle
-> GET /v1/api/tickle,200|2555ms
-> GET /v1/api/iserver/account/trades?days=3
<- 500 GET /v1/api/iserver/account/trades?days=3
-> request: /v1/api/tickle
-> GET /v1/api/tickle,200|125ms
-> request: /v1/api/tickle
-> GET /v1/api/tickle,200|120ms
-> request: /v1/api/tickle
-> GET /v1/api/tickle,200|713ms
-> request: /v1/api/tickle
-> GET /v1/api/tickle,200|154ms
-> GET /v1/api/iserver/account/pnl/partitioned
<- 500 GET /v1/api/iserver/account/pnl/partitioned
-> request: /v1/api/tickle
-> GET /v1/api/tickle,200|155ms
-> GET /v1/api/iserver/account
<- 405 GET /v1/api/iserver/account
-> request: /v1/api/tickle
-> GET /v1/api/tickle,200|129ms
-> GET /v1/api/iserver/account/pnl/partitioned
<- 500 GET /v1/api/iserver/account/pnl/partitioned
-> request: /sso/ping
-> GET /sso/ping,200|118ms
-> request: /v1/api/tickle
-> GET /v1/api/tickle,200|2037ms
-> request: /v1/api/tickle
-> GET /v1/api/tickle,200|122ms
-> request: /v1/api/tickle
-> GET /v1/api/tickle,200|677ms
-> request: /v1/api/tickle
-> GET /v1/api/tickle,200|122ms
-> request: /v1/api/tickle
-> GET /v1/api/tickle,200|119ms
-> request: /v1/api/tickle
-> GET /v1/api/tickle,200|144ms
-> request: /v1/api/tickle
-> GET /v1/api/tickle,200|776ms
-> request: /v1/api/tickle
-> GET /v1/api/tickle,200|124ms
-> request: /v1/api/tickle
-> GET /v1/api/tickle,200|123ms
-> request: /v1/api/tickle
-> GET /v1/api/tickle,200|4706ms
-> GET /v1/api/iserver/accounts
<- 401 GET /v1/api/iserver/accounts
-> request: /sso/ping
-> GET /sso/ping,200|724ms
-> request: /v1/api/tickle
-> GET /v1/api/tickle,200|889ms
-> request: /v1/api/logout
-> GET /v1/api/logout,200|6640ms
-> request: /v1/api/tickle
-> GET /v1/api/tickle,200|153ms
-> request: /v1/api/tickle
-> GET /v1/api/tickle,200|180ms
-> request: /v1/api/tickle
-> GET /v1/api/tickle,200|118ms
-> request: /v1/api/tickle
-> GET /v1/api/tickle,200|119ms
-> request: /v1/api/tickle
-> GET /v1/api/tickle,200|117ms
-> request: /v1/api/tickle
-> GET /v1/api/tickle,200|588ms
-> request: /v1/api/tickle
-> GET /v1/api/tickle,200|761ms
-> request: /v1/api/tickle
-> GET /v1/api/tickle,200|162ms
-> request: /v1/api/tickle
-> GET /v1/api/tickle,200|153ms
-> request: /sso/ping
-> GET /sso/ping,200|2527ms
-> request: /v1/api/tickle
-> GET /v1/api/tickle,200|124ms
-> request: /v1/api/tickle
-> GET /v1/api/tickle,200|755ms
-> request: /v1/api/tickle
-> GET /v1/api/tickle,200|3694ms
-> request: /v1/api/tickle
-> GET /v1/api/tickle,200|492ms
-> request: /v1/api/tickle
-> GET /v1/api/tickle,200|220ms
-> request: /v1/api/tickle
-> GET /v1/api/tickle,200|130ms
-> request: /v1/api/tickle
-> GET /v1/api/tickle,200|607ms
-> request: /v1/api/tickle
-> GET /v1/api/tickle,200|116ms
-> request: /v1/api/tickle
-> GET /v1/api/tickle,200|123ms
-> request: /v1/api/tickle
-> GET /v1/api/tickle,200|437ms
-> request: /sso/ping
-> GET /sso/ping,200|114ms
-> request: /v1/api/tickle
-> GET /v1/api/tickle,200|430ms
-> request: /v1/api/tickle
-> GET /v1/api/tickle,200|5190ms
-> request: /v1/api/tickle
-> GET /v1/api/tickle,200|143ms
-> request: /v1/api/tickle
-> GET /v1/api/tickle,200|395ms
-> request: /v1/api/sso/validate?gw=1
-> GET /v1/api/sso/validate?gw=1,200|131ms
-> request: /v1/api/one/user
-> request: /v1/api/ssodh/init
-> sso GET https://api.ibkr.com/v1/api/ssodh/init
-> GET /v1/api/one/user,200|303ms
-> request: /v1/api/ssodh/st
-> sso GET https://api.ibkr.com/v1/api/ssodh/st
-> request: /v1/api/iserver/auth/status
-> GET /v1/api/iserver/auth/status,200|112ms
-> request: /v1/api/iserver/auth/ssodh/init
-> POST https://api.ibkr.com/v1/api/iserver/auth/ssodh/init,200|2464ms
-> request: /v1/api/iserver/accounts
-> GET /v1/api/iserver/accounts,200|147ms
-> request: /v1/api/tickle
-> GET /v1/api/tickle,200|115ms
-> request: /v1/api/tickle
-> GET /v1/api/tickle,200|787ms
-> request: /v1/api/tickle
-> GET /v1/api/tickle,200|1864ms
-> request: /v1/api/sso/validate?gw=1
-> GET /v1/api/sso/validate?gw=1,200|1711ms
-> request: /v1/api/one/user
-> request: /v1/api/ssodh/init
-> sso GET https://api.ibkr.com/v1/api/ssodh/init
-> GET /v1/api/one/user,200|115ms
-> request: /v1/api/sso/validate?gw=1
-> GET /v1/api/sso/validate
-> GET /v1/api/sso/validate?gw=1,200|314ms
-> request: /v1/api/one/user
-> request: /v1/api/ssodh/init
-> sso GET https://api.ibkr.com/v1/api/ssodh/init
<- 200 GET /v1/api/sso/validate
-> GET /v1/api/one/user,200|231ms
-> request: /v1/api/tickle
-> GET /v1/api/tickle,200|116ms
-> GET /v1/api/sso/validate
<- 200 GET /v1/api/sso/validate
-> request: /v1/api/tickle
-> GET /v1/api/tickle,200|118ms
-> request: /v1/api/tickle
-> GET /v1/api/tickle,200|134ms
-> request: /v1/api/tickle
-> GET /v1/api/tickle,200|167ms
-> request: /v1/api/tickle
-> GET /v1/api/tickle,200|132ms
-> request: /v1/api/tickle
-> GET /v1/api/tickle,200|2431ms
-> request: /v1/api/tickle
-> GET /v1/api/tickle,200|2967ms
-> request: /v1/api/tickle
-> GET /v1/api/tickle,200|3698ms
-> request: /v1/api/tickle
-> GET /v1/api/tickle,200|122ms
-> request: /v1/api/tickle
-> GET /v1/api/tickle,200|121ms
-> request: /sso/ping
-> GET /sso/ping,200|143ms
-> request: /v1/api/tickle
-> GET /v1/api/tickle,200|211ms
-> request: /v1/api/tickle
-> GET /v1/api/tickle,200|140ms
-> request: /v1/api/tickle
-> GET /v1/api/tickle,200|5841ms
-> request: /v1/api/tickle
-> GET /v1/api/tickle,200|136ms
-> GET /v1/api/sso/validate
<- 200 GET /v1/api/sso/validate
-> GET /v1/api/iserver/account/trades?days=3
<- 200 GET /v1/api/iserver/account/trades?days=3
-> request: /v1/api/tickle
-> GET /v1/api/tickle,200|114ms
-> request: /v1/api/tickle
-> GET /v1/api/tickle,200|186ms
-> GET /v1/api/sso/validate
<- 200 GET /v1/api/sso/validate
-> GET /v1/api/iserver/account/trades?days=3
<- 200 GET /v1/api/iserver/account/trades?days=3
-> request: /v1/api/tickle
-> GET /v1/api/tickle,200|117ms
-> request: /v1/api/tickle
-> GET /v1/api/tickle,200|613ms
-> request: /v1/api/tickle
-> GET /v1/api/tickle,200|129ms
-> request: /v1/api/tickle
-> GET /v1/api/tickle,200|1869ms
-> request: /sso/ping
-> GET /sso/ping,200|2189ms
-> request: /v1/api/tickle
-> GET /v1/api/tickle,200|138ms
-> request: /v1/api/tickle
-> GET /v1/api/tickle,200|1001ms
-> request: /v1/api/tickle
-> GET /v1/api/tickle,200|1480ms
-> request: /v1/api/tickle
-> GET /v1/api/tickle,200|1716ms
-> request: /v1/api/tickle
-> GET /v1/api/tickle,200|765ms
-> request: /v1/api/tickle
-> GET /v1/api/tickle,200|182ms
-> request: /v1/api/tickle
-> GET /v1/api/tickle,200|3442ms
-> request: /v1/api/tickle
-> GET /v1/api/tickle,200|1604ms
-> request: /v1/api/tickle
-> GET /v1/api/tickle,200|407ms
-> request: /v1/api/tickle
-> GET /v1/api/tickle,200|2415ms
-> request: /sso/ping
-> GET /sso/ping,200|124ms
-> request: /v1/api/tickle
-> GET /v1/api/tickle,200|3103ms
-> request: /v1/api/tickle
-> GET /v1/api/tickle,200|125ms
-> request: /v1/api/tickle
-> GET /v1/api/tickle,200|284ms
-> request: /v1/api/tickle
-> GET /v1/api/tickle,200|724ms
-> request: /v1/api/tickle
-> GET /v1/api/tickle,200|121ms
-> request: /v1/api/tickle
-> GET /v1/api/tickle,200|497ms
-> request: /v1/api/tickle
-> GET /v1/api/tickle,200|132ms
-> request: /v1/api/tickle
-> GET /v1/api/tickle,200|1236ms
-> request: /v1/api/tickle
-> GET /v1/api/tickle,200|134ms
-> request: /v1/api/tickle
-> GET /v1/api/tickle,200|121ms
-> request: /sso/ping
-> GET /sso/ping,200|188ms
-> request: /v1/api/tickle
-> GET /v1/api/tickle,200|123ms
-> request: /v1/api/tickle
-> GET /v1/api/tickle,200|206ms
-> request: /v1/api/tickle
-> GET /v1/api/tickle,200|170ms
-> request: /v1/api/tickle
-> GET /v1/api/tickle,200|169ms
-> request: /v1/api/tickle
-> GET /v1/api/tickle,200|115ms
-> request: /v1/api/tickle
-> GET /v1/api/tickle,200|169ms
-> request: /v1/api/tickle
-> GET /v1/api/tickle,200|115ms
-> GET /v1/api/sso/validate
<- 200 GET /v1/api/sso/validate
-> GET /v1/api/portfolio/accounts
<- 200 GET /v1/api/portfolio/accounts
-> request: /v1/api/tickle
-> GET /v1/api/tickle,200|1339ms
-> request: /v1/api/tickle
-> GET /v1/api/tickle,200|430ms
-> request: /v1/api/tickle
-> GET /v1/api/tickle,200|659ms
-> request: /sso/ping
-> GET /sso/ping,200|381ms
-> request: /v1/api/tickle
-> GET /v1/api/tickle,200|1586ms
-> GET /v1/api/sso/validate
<- 200 GET /v1/api/sso/validate
-> GET /v1/api/portfolio/accounts
<- 200 GET /v1/api/portfolio/accounts
-> request: /v1/api/tickle
-> GET /v1/api/tickle,200|158ms
-> GET /v1/api/sso/validate
<- 200 GET /v1/api/sso/validate
-> GET /v1/api/portfolio/accounts
<- 200 GET /v1/api/portfolio/accounts
-> request: /v1/api/tickle
-> GET /v1/api/tickle,200|117ms
-> request: /v1/api/tickle
-> GET /v1/api/tickle,200|4254ms
-> request: /v1/api/tickle
-> GET /v1/api/tickle,200|2100ms
-> GET /v1/api/sso/validate
<- 200 GET /v1/api/sso/validate
-> GET /v1/api/portfolio/accounts
<- 200 GET /v1/api/portfolio/accounts
-> request: /v1/api/tickle
-> GET /v1/api/tickle,200|1410ms
-> request: /v1/api/tickle
-> GET /v1/api/tickle,200|1126ms
-> request: /v1/api/tickle
-> GET /v1/api/tickle,200|640ms
-> GET /v1/api/sso/validate
<- 200 GET /v1/api/sso/validate
-> GET /v1/api/portfolio/accounts
<- 200 GET /v1/api/portfolio/accounts
-> request: /v1/api/tickle
-> GET /v1/api/tickle,200|467ms
-> GET /v1/api/sso/validate
<- 200 GET /v1/api/sso/validate
-> GET /v1/api/portfolio/accounts
<- 200 GET /v1/api/portfolio/accounts
-> request: /v1/api/tickle
-> GET /v1/api/tickle,200|2056ms
-> request: /sso/ping
-> GET /sso/ping,200|1729ms
-> request: /v1/api/tickle
-> GET /v1/api/tickle,200|764ms
-> request: /v1/api/tickle
-> GET /v1/api/tickle,200|1733ms
-> GET /v1/api/sso/validate
<- 200 GET /v1/api/sso/validate
-> GET /v1/api/portfolio/accounts
<- 200 GET /v1/api/portfolio/accounts
-> request: /v1/api/tickle
-> GET /v1/api/tickle,200|805ms
-> request: /v1/api/tickle
-> GET /v1/api/tickle,200|669ms
-> GET /v1/api/sso/validate
<- 200 GET /v1/api/sso/validate
-> GET /v1/api/portfolio/accounts
<- 200 GET /v1/api/portfolio/accounts
-> request: /v1/api/tickle
-> GET /v1/api/tickle,200|1554ms
-> request: /v1/api/tickle
-> GET /v1/api/tickle,200|189ms
-> request: /v1/api/tickle
-> GET /v1/api/tickle,200|281ms
-> request: /v1/api/tickle
-> GET /v1/api/tickle,200|124ms
-> request: /v1/api/tickle
-> GET /v1/api/tickle,200|287ms
-> request: /v1/api/tickle
-> GET /v1/api/tickle,200|600ms
-> request: /sso/ping
-> GET /sso/ping,200|572ms
-> request: /v1/api/tickle
-> GET /v1/api/tickle,200|533ms
-> request: /v1/api/tickle
-> GET /v1/api/tickle,200|149ms
-> request: /v1/api/tickle
-> GET /v1/api/tickle,200|139ms
-> request: /v1/api/tickle
-> GET /v1/api/tickle,200|138ms
-> request: /v1/api/tickle
-> GET /v1/api/tickle,200|2366ms
-> request: /v1/api/tickle
-> GET /v1/api/tickle,200|139ms
-> GET /v1/api/sso/validate
<- 200 GET /v1/api/sso/validate
-> GET /v1/api/portfolio/accounts
<- 200 GET /v1/api/portfolio/accounts
-> GET /v1/api/portfolio/U8494690/positions/0?direction=a&period=1W&sort=position&model=MyModel
<- 200 GET /v1/api/portfolio/U8494690/positions/0?direction=a&period=1W&sort=position&model=MyModel
-> request: /v1/api/tickle
-> GET /v1/api/tickle,200|1561ms
-> GET /v1/api/sso/validate
<- 200 GET /v1/api/sso/validate
-> GET /v1/api/portfolio/accounts
<- 200 GET /v1/api/portfolio/accounts
-> GET /v1/api/portfolio/U8494690/positions/0?direction=a&period=1W&sort=position&model=MyModel
<- 200 GET /v1/api/portfolio/U8494690/positions/0?direction=a&period=1W&sort=position&model=MyModel
-> request: /v1/api/tickle
-> GET /v1/api/tickle,200|117ms
-> request: /v1/api/tickle
-> GET /v1/api/tickle,200|369ms
-> request: /v1/api/tickle
-> GET /v1/api/tickle,200|363ms
-> request: /sso/ping
-> GET /sso/ping,200|408ms
-> request: /v1/api/tickle
-> GET /v1/api/tickle,200|121ms
-> request: /v1/api/tickle
-> GET /v1/api/tickle,200|130ms
-> request: /v1/api/tickle
-> GET /v1/api/tickle,200|1771ms
-> request: /v1/api/tickle
-> GET /v1/api/tickle,200|117ms
-> request: /v1/api/tickle
-> GET /v1/api/tickle,200|138ms
-> GET /v1/api/sso/validate
<- 200 GET /v1/api/sso/validate
-> GET /v1/api/portfolio/accounts
<- 200 GET /v1/api/portfolio/accounts
-> GET /v1/api/portfolio/U8494690/positions/0?direction=a&period=1W&sort=position&model=MyModel
<- 200 GET /v1/api/portfolio/U8494690/positions/0?direction=a&period=1W&sort=position&model=MyModel
-> request: /v1/api/tickle
-> GET /v1/api/tickle,200|860ms
-> request: /v1/api/tickle
-> GET /v1/api/tickle,200|128ms
-> request: /v1/api/tickle
-> GET /v1/api/tickle,200|122ms
-> request: /v1/api/tickle
-> GET /v1/api/tickle,200|1165ms
-> request: /v1/api/tickle
-> GET /v1/api/tickle,200|2958ms
-> request: /sso/ping
-> GET /sso/ping,200|315ms
-> request: /v1/api/tickle
-> GET /v1/api/tickle,200|126ms
-> request: /v1/api/tickle
-> GET /v1/api/tickle,200|2224ms
-> request: /v1/api/tickle
-> GET /v1/api/tickle,200|1371ms
-> request: /v1/api/tickle
-> GET /v1/api/tickle,200|123ms
-> request: /v1/api/tickle
-> GET /v1/api/tickle,200|1543ms
-> request: /v1/api/tickle
-> GET /v1/api/tickle,200|3987ms
-> request: /v1/api/tickle
-> GET /v1/api/tickle,200|4039ms
-> request: /v1/api/tickle
-> GET /v1/api/tickle,200|134ms
-> request: /v1/api/tickle
-> GET /v1/api/tickle,200|1956ms
-> request: /v1/api/tickle
-> GET /v1/api/tickle,200|183ms
-> request: /sso/ping
-> GET /sso/ping,200|1724ms
-> request: /v1/api/tickle
-> GET /v1/api/tickle,200|5724ms
-> request: /v1/api/tickle
-> GET /v1/api/tickle,200|117ms
-> request: /v1/api/tickle
-> GET /v1/api/tickle,200|118ms
-> request: /v1/api/tickle
-> GET /v1/api/tickle,200|152ms
-> request: /v1/api/tickle
-> GET /v1/api/tickle,200|646ms
-> request: /v1/api/tickle
-> GET /v1/api/tickle,200|2497ms
-> request: /v1/api/tickle
-> GET /v1/api/tickle,200|1109ms
-> request: /v1/api/tickle
-> GET /v1/api/tickle,200|113ms
-> request: /v1/api/tickle
-> request: /v1/api/tickle
-> request: /sso/ping
-> request: /v1/api/tickle
-> request: /v1/api/tickle
-> request: /v1/api/tickle
-> request: /v1/api/tickle
-> request: /v1/api/tickle
-> request: /v1/api/tickle
-> request: /v1/api/tickle
-> request: /v1/api/tickle
-> request: /v1/api/tickle
-> request: /v1/api/tickle
-> request: /sso/ping
-> request: /v1/api/tickle
-> request: /v1/api/tickle
-> request: /v1/api/tickle
-> request: /v1/api/tickle
-> request: /v1/api/tickle
-> request: /v1/api/tickle
-> request: /v1/api/tickle
-> request: /v1/api/tickle
-> request: /v1/api/tickle
-> request: /v1/api/tickle
-> request: /sso/ping
-> request: /v1/api/tickle
-> GET /v1/api/sso/validate
uri /v1/api/sso/validate failed
java.net.UnknownHostException: api.ibkr.com: nodename nor servname provided, or not known
	at java.base/java.net.Inet4AddressImpl.lookupAllHostAddr(Native Method)
	at java.base/java.net.Inet4AddressImpl.lookupAllHostAddr(Inet4AddressImpl.java:43)
	at java.base/java.net.InetAddress$PlatformResolver.lookupByName(InetAddress.java:1061)
	at java.base/java.net.InetAddress.getAddressesFromNameService(InetAddress.java:1683)
	at java.base/java.net.InetAddress$NameServiceAddresses.get(InetAddress.java:1004)
	at java.base/java.net.InetAddress.getAllByName0(InetAddress.java:1673)
	at java.base/java.net.InetAddress.getAllByName(InetAddress.java:1533)
	at java.base/java.net.InetAddress.getByName(InetAddress.java:1415)
	at io.netty.util.internal.SocketUtils$8.run(SocketUtils.java:146)
	at io.netty.util.internal.SocketUtils$8.run(SocketUtils.java:143)
	at java.base/java.security.AccessController.doPrivileged(AccessController.java:571)
	at io.netty.util.internal.SocketUtils.addressByName(SocketUtils.java:143)
	at io.netty.resolver.DefaultNameResolver.doResolve(DefaultNameResolver.java:43)
	at io.netty.resolver.SimpleNameResolver.resolve(SimpleNameResolver.java:63)
	at io.netty.resolver.SimpleNameResolver.resolve(SimpleNameResolver.java:55)
	at io.netty.resolver.InetSocketAddressResolver.doResolve(InetSocketAddressResolver.java:57)
	at io.netty.resolver.InetSocketAddressResolver.doResolve(InetSocketAddressResolver.java:32)
	at io.netty.resolver.AbstractAddressResolver.resolve(AbstractAddressResolver.java:108)
	at io.netty.bootstrap.Bootstrap.doResolveAndConnect0(Bootstrap.java:208)
	at io.netty.bootstrap.Bootstrap.doResolveAndConnect(Bootstrap.java:170)
	at io.netty.bootstrap.Bootstrap.connect(Bootstrap.java:145)
	at io.vertx.core.net.impl.ChannelProvider.connect(ChannelProvider.java:38)
	at io.vertx.core.http.impl.ConnectionManager$ChannelConnector.connect(ConnectionManager.java:537)
	at io.vertx.core.http.impl.ConnectionManager$ConnQueue.createNewConnection(ConnectionManager.java:294)
	at io.vertx.core.http.impl.ConnectionManager$ConnQueue.getConnection(ConnectionManager.java:237)
	at io.vertx.core.http.impl.ConnectionManager.getConnectionForRequest(ConnectionManager.java:171)
	at io.vertx.core.http.impl.HttpClientImpl.getConnectionForRequest(HttpClientImpl.java:950)
	at io.vertx.core.http.impl.HttpClientRequestImpl.connect(HttpClientRequestImpl.java:745)
	at io.vertx.core.http.impl.HttpClientRequestImpl.write(HttpClientRequestImpl.java:867)
	at io.vertx.core.http.impl.HttpClientRequestImpl.end(HttpClientRequestImpl.java:358)
	at ibgroup.web.core.clientportal.gw.http.HttpProxy.lambda$internalProxy$9(HttpProxy.java:151)
	at io.vertx.core.http.impl.HttpServerRequestImpl.handleEnd(HttpServerRequestImpl.java:418)
	at io.vertx.core.http.impl.ServerConnection.handleLastHttpContent(ServerConnection.java:475)
	at io.vertx.core.http.impl.ServerConnection.processMessage(ServerConnection.java:446)
	at io.vertx.core.http.impl.ServerConnection.handleMessage(ServerConnection.java:156)
	at io.vertx.core.http.impl.HttpServerImpl$ServerHandlerWithWebSockets.handleMessage(HttpServerImpl.java:705)
	at io.vertx.core.http.impl.HttpServerImpl$ServerHandlerWithWebSockets.handleMessage(HttpServerImpl.java:614)
	at io.vertx.core.net.impl.VertxHandler.lambda$channelRead$1(VertxHandler.java:150)
	at io.vertx.core.impl.ContextImpl.lambda$wrapTask$2(ContextImpl.java:342)
	at io.vertx.core.impl.ContextImpl.executeFromIO(ContextImpl.java:200)
	at io.vertx.core.net.impl.VertxHandler.channelRead(VertxHandler.java:148)
	at io.netty.channel.AbstractChannelHandlerContext.invokeChannelRead(AbstractChannelHandlerContext.java:362)
	at io.netty.channel.AbstractChannelHandlerContext.invokeChannelRead(AbstractChannelHandlerContext.java:348)
	at io.netty.channel.AbstractChannelHandlerContext.fireChannelRead(AbstractChannelHandlerContext.java:340)
	at io.netty.channel.ChannelInboundHandlerAdapter.channelRead(ChannelInboundHandlerAdapter.java:86)
	at io.netty.channel.AbstractChannelHandlerContext.invokeChannelRead(AbstractChannelHandlerContext.java:362)
	at io.netty.channel.AbstractChannelHandlerContext.invokeChannelRead(AbstractChannelHandlerContext.java:348)
	at io.netty.channel.AbstractChannelHandlerContext.fireChannelRead(AbstractChannelHandlerContext.java:340)
	at io.netty.handler.codec.ByteToMessageDecoder.fireChannelRead(ByteToMessageDecoder.java:310)
	at io.netty.handler.codec.ByteToMessageDecoder.channelRead(ByteToMessageDecoder.java:284)
	at io.netty.channel.AbstractChannelHandlerContext.invokeChannelRead(AbstractChannelHandlerContext.java:362)
	at io.netty.channel.AbstractChannelHandlerContext.invokeChannelRead(AbstractChannelHandlerContext.java:348)
	at io.netty.channel.AbstractChannelHandlerContext.fireChannelRead(AbstractChannelHandlerContext.java:340)
	at io.netty.handler.ssl.SslHandler.unwrap(SslHandler.java:1336)
	at io.netty.handler.ssl.SslHandler.decodeJdkCompatible(SslHandler.java:1127)
	at io.netty.handler.ssl.SslHandler.decode(SslHandler.java:1162)
	at io.netty.handler.codec.ByteToMessageDecoder.decodeRemovalReentryProtection(ByteToMessageDecoder.java:489)
	at io.netty.handler.codec.ByteToMessageDecoder.callDecode(ByteToMessageDecoder.java:428)
	at io.netty.handler.codec.ByteToMessageDecoder.channelRead(ByteToMessageDecoder.java:265)
	at io.netty.channel.AbstractChannelHandlerContext.invokeChannelRead(AbstractChannelHandlerContext.java:362)
	at io.netty.channel.AbstractChannelHandlerContext.invokeChannelRead(AbstractChannelHandlerContext.java:348)
	at io.netty.channel.AbstractChannelHandlerContext.fireChannelRead(AbstractChannelHandlerContext.java:340)
	at io.netty.channel.DefaultChannelPipeline$HeadContext.channelRead(DefaultChannelPipeline.java:1359)
	at io.netty.channel.AbstractChannelHandlerContext.invokeChannelRead(AbstractChannelHandlerContext.java:362)
	at io.netty.channel.AbstractChannelHandlerContext.invokeChannelRead(AbstractChannelHandlerContext.java:348)
	at io.netty.channel.DefaultChannelPipeline.fireChannelRead(DefaultChannelPipeline.java:935)
	at io.netty.channel.nio.AbstractNioByteChannel$NioByteUnsafe.read(AbstractNioByteChannel.java:134)
	at io.netty.channel.nio.NioEventLoop.processSelectedKey(NioEventLoop.java:645)
	at io.netty.channel.nio.NioEventLoop.processSelectedKeysPlain(NioEventLoop.java:545)
	at io.netty.channel.nio.NioEventLoop.processSelectedKeys(NioEventLoop.java:499)
	at io.netty.channel.nio.NioEventLoop.run(NioEventLoop.java:459)
	at io.netty.util.concurrent.SingleThreadEventExecutor$5.run(SingleThreadEventExecutor.java:858)
	at java.base/java.lang.Thread.run(Thread.java:1623)
-> request: /v1/api/tickle
-> request: /v1/api/tickle
-> request: /v1/api/tickle
-> request: /v1/api/tickle
-> GET /v1/api/sso/validate
uri /v1/api/sso/validate failed
java.net.UnknownHostException: api.ibkr.com
	at java.base/java.net.InetAddress$CachedAddresses.get(InetAddress.java:953)
	at java.base/java.net.InetAddress.getAllByName0(InetAddress.java:1673)
	at java.base/java.net.InetAddress.getAllByName(InetAddress.java:1533)
	at java.base/java.net.InetAddress.getByName(InetAddress.java:1415)
	at io.netty.util.internal.SocketUtils$8.run(SocketUtils.java:146)
	at io.netty.util.internal.SocketUtils$8.run(SocketUtils.java:143)
	at java.base/java.security.AccessController.doPrivileged(AccessController.java:571)
	at io.netty.util.internal.SocketUtils.addressByName(SocketUtils.java:143)
	at io.netty.resolver.DefaultNameResolver.doResolve(DefaultNameResolver.java:43)
	at io.netty.resolver.SimpleNameResolver.resolve(SimpleNameResolver.java:63)
	at io.netty.resolver.SimpleNameResolver.resolve(SimpleNameResolver.java:55)
	at io.netty.resolver.InetSocketAddressResolver.doResolve(InetSocketAddressResolver.java:57)
	at io.netty.resolver.InetSocketAddressResolver.doResolve(InetSocketAddressResolver.java:32)
	at io.netty.resolver.AbstractAddressResolver.resolve(AbstractAddressResolver.java:108)
	at io.netty.bootstrap.Bootstrap.doResolveAndConnect0(Bootstrap.java:208)
	at io.netty.bootstrap.Bootstrap.doResolveAndConnect(Bootstrap.java:170)
	at io.netty.bootstrap.Bootstrap.connect(Bootstrap.java:145)
	at io.vertx.core.net.impl.ChannelProvider.connect(ChannelProvider.java:38)
	at io.vertx.core.http.impl.ConnectionManager$ChannelConnector.connect(ConnectionManager.java:537)
	at io.vertx.core.http.impl.ConnectionManager$ConnQueue.createNewConnection(ConnectionManager.java:294)
	at io.vertx.core.http.impl.ConnectionManager$ConnQueue.getConnection(ConnectionManager.java:237)
	at io.vertx.core.http.impl.ConnectionManager.getConnectionForRequest(ConnectionManager.java:171)
	at io.vertx.core.http.impl.HttpClientImpl.getConnectionForRequest(HttpClientImpl.java:950)
	at io.vertx.core.http.impl.HttpClientRequestImpl.connect(HttpClientRequestImpl.java:745)
	at io.vertx.core.http.impl.HttpClientRequestImpl.write(HttpClientRequestImpl.java:867)
	at io.vertx.core.http.impl.HttpClientRequestImpl.end(HttpClientRequestImpl.java:358)
	at ibgroup.web.core.clientportal.gw.http.HttpProxy.lambda$internalProxy$9(HttpProxy.java:151)
	at io.vertx.core.http.impl.HttpServerRequestImpl.handleEnd(HttpServerRequestImpl.java:418)
	at io.vertx.core.http.impl.ServerConnection.handleLastHttpContent(ServerConnection.java:475)
	at io.vertx.core.http.impl.ServerConnection.processMessage(ServerConnection.java:446)
	at io.vertx.core.http.impl.ServerConnection.handleMessage(ServerConnection.java:156)
	at io.vertx.core.http.impl.HttpServerImpl$ServerHandlerWithWebSockets.handleMessage(HttpServerImpl.java:705)
	at io.vertx.core.http.impl.HttpServerImpl$ServerHandlerWithWebSockets.handleMessage(HttpServerImpl.java:614)
	at io.vertx.core.net.impl.VertxHandler.lambda$channelRead$1(VertxHandler.java:150)
	at io.vertx.core.impl.ContextImpl.lambda$wrapTask$2(ContextImpl.java:342)
	at io.vertx.core.impl.ContextImpl.executeFromIO(ContextImpl.java:200)
	at io.vertx.core.net.impl.VertxHandler.channelRead(VertxHandler.java:148)
	at io.netty.channel.AbstractChannelHandlerContext.invokeChannelRead(AbstractChannelHandlerContext.java:362)
	at io.netty.channel.AbstractChannelHandlerContext.invokeChannelRead(AbstractChannelHandlerContext.java:348)
	at io.netty.channel.AbstractChannelHandlerContext.fireChannelRead(AbstractChannelHandlerContext.java:340)
	at io.netty.channel.ChannelInboundHandlerAdapter.channelRead(ChannelInboundHandlerAdapter.java:86)
	at io.netty.channel.AbstractChannelHandlerContext.invokeChannelRead(AbstractChannelHandlerContext.java:362)
	at io.netty.channel.AbstractChannelHandlerContext.invokeChannelRead(AbstractChannelHandlerContext.java:348)
	at io.netty.channel.AbstractChannelHandlerContext.fireChannelRead(AbstractChannelHandlerContext.java:340)
	at io.netty.handler.codec.ByteToMessageDecoder.fireChannelRead(ByteToMessageDecoder.java:310)
	at io.netty.handler.codec.ByteToMessageDecoder.channelRead(ByteToMessageDecoder.java:284)
	at io.netty.channel.AbstractChannelHandlerContext.invokeChannelRead(AbstractChannelHandlerContext.java:362)
	at io.netty.channel.AbstractChannelHandlerContext.invokeChannelRead(AbstractChannelHandlerContext.java:348)
	at io.netty.channel.AbstractChannelHandlerContext.fireChannelRead(AbstractChannelHandlerContext.java:340)
	at io.netty.handler.ssl.SslHandler.unwrap(SslHandler.java:1336)
	at io.netty.handler.ssl.SslHandler.decodeJdkCompatible(SslHandler.java:1127)
	at io.netty.handler.ssl.SslHandler.decode(SslHandler.java:1162)
	at io.netty.handler.codec.ByteToMessageDecoder.decodeRemovalReentryProtection(ByteToMessageDecoder.java:489)
	at io.netty.handler.codec.ByteToMessageDecoder.callDecode(ByteToMessageDecoder.java:428)
	at io.netty.handler.codec.ByteToMessageDecoder.channelRead(ByteToMessageDecoder.java:265)
	at io.netty.channel.AbstractChannelHandlerContext.invokeChannelRead(AbstractChannelHandlerContext.java:362)
	at io.netty.channel.AbstractChannelHandlerContext.invokeChannelRead(AbstractChannelHandlerContext.java:348)
	at io.netty.channel.AbstractChannelHandlerContext.fireChannelRead(AbstractChannelHandlerContext.java:340)
	at io.netty.channel.DefaultChannelPipeline$HeadContext.channelRead(DefaultChannelPipeline.java:1359)
	at io.netty.channel.AbstractChannelHandlerContext.invokeChannelRead(AbstractChannelHandlerContext.java:362)
	at io.netty.channel.AbstractChannelHandlerContext.invokeChannelRead(AbstractChannelHandlerContext.java:348)
	at io.netty.channel.DefaultChannelPipeline.fireChannelRead(DefaultChannelPipeline.java:935)
	at io.netty.channel.nio.AbstractNioByteChannel$NioByteUnsafe.read(AbstractNioByteChannel.java:134)
	at io.netty.channel.nio.NioEventLoop.processSelectedKey(NioEventLoop.java:645)
	at io.netty.channel.nio.NioEventLoop.processSelectedKeysPlain(NioEventLoop.java:545)
	at io.netty.channel.nio.NioEventLoop.processSelectedKeys(NioEventLoop.java:499)
	at io.netty.channel.nio.NioEventLoop.run(NioEventLoop.java:459)
	at io.netty.util.concurrent.SingleThreadEventExecutor$5.run(SingleThreadEventExecutor.java:858)
	at java.base/java.lang.Thread.run(Thread.java:1623)
-> request: /v1/api/tickle
-> request: /v1/api/tickle
-> request: /v1/api/tickle
-> GET /sso/Login?forwardTo=22&RL=1&ip2loc=US
uri /sso/Login?forwardTo=22&RL=1&ip2loc=US failed
java.net.UnknownHostException: api.ibkr.com: nodename nor servname provided, or not known
	at java.base/java.net.Inet4AddressImpl.lookupAllHostAddr(Native Method)
	at java.base/java.net.Inet4AddressImpl.lookupAllHostAddr(Inet4AddressImpl.java:43)
	at java.base/java.net.InetAddress$PlatformResolver.lookupByName(InetAddress.java:1061)
	at java.base/java.net.InetAddress.getAddressesFromNameService(InetAddress.java:1683)
	at java.base/java.net.InetAddress$NameServiceAddresses.get(InetAddress.java:1004)
	at java.base/java.net.InetAddress.getAllByName0(InetAddress.java:1673)
	at java.base/java.net.InetAddress.getAllByName(InetAddress.java:1533)
	at java.base/java.net.InetAddress.getByName(InetAddress.java:1415)
	at io.netty.util.internal.SocketUtils$8.run(SocketUtils.java:146)
	at io.netty.util.internal.SocketUtils$8.run(SocketUtils.java:143)
	at java.base/java.security.AccessController.doPrivileged(AccessController.java:571)
	at io.netty.util.internal.SocketUtils.addressByName(SocketUtils.java:143)
	at io.netty.resolver.DefaultNameResolver.doResolve(DefaultNameResolver.java:43)
	at io.netty.resolver.SimpleNameResolver.resolve(SimpleNameResolver.java:63)
	at io.netty.resolver.SimpleNameResolver.resolve(SimpleNameResolver.java:55)
	at io.netty.resolver.InetSocketAddressResolver.doResolve(InetSocketAddressResolver.java:57)
	at io.netty.resolver.InetSocketAddressResolver.doResolve(InetSocketAddressResolver.java:32)
	at io.netty.resolver.AbstractAddressResolver.resolve(AbstractAddressResolver.java:108)
	at io.netty.bootstrap.Bootstrap.doResolveAndConnect0(Bootstrap.java:208)
	at io.netty.bootstrap.Bootstrap.doResolveAndConnect(Bootstrap.java:170)
	at io.netty.bootstrap.Bootstrap.connect(Bootstrap.java:145)
	at io.vertx.core.net.impl.ChannelProvider.connect(ChannelProvider.java:38)
	at io.vertx.core.http.impl.ConnectionManager$ChannelConnector.connect(ConnectionManager.java:537)
	at io.vertx.core.http.impl.ConnectionManager$ConnQueue.createNewConnection(ConnectionManager.java:294)
	at io.vertx.core.http.impl.ConnectionManager$ConnQueue.getConnection(ConnectionManager.java:237)
	at io.vertx.core.http.impl.ConnectionManager.getConnectionForRequest(ConnectionManager.java:171)
	at io.vertx.core.http.impl.HttpClientImpl.getConnectionForRequest(HttpClientImpl.java:950)
	at io.vertx.core.http.impl.HttpClientRequestImpl.connect(HttpClientRequestImpl.java:745)
	at io.vertx.core.http.impl.HttpClientRequestImpl.write(HttpClientRequestImpl.java:867)
	at io.vertx.core.http.impl.HttpClientRequestImpl.end(HttpClientRequestImpl.java:358)
	at ibgroup.web.core.clientportal.gw.http.HttpProxy.lambda$internalProxy$9(HttpProxy.java:151)
	at io.vertx.core.http.impl.HttpServerRequestImpl.handleEnd(HttpServerRequestImpl.java:418)
	at io.vertx.core.http.impl.ServerConnection.handleLastHttpContent(ServerConnection.java:475)
	at io.vertx.core.http.impl.ServerConnection.processMessage(ServerConnection.java:446)
	at io.vertx.core.http.impl.ServerConnection.handleMessage(ServerConnection.java:156)
	at io.vertx.core.http.impl.HttpServerImpl$ServerHandlerWithWebSockets.handleMessage(HttpServerImpl.java:705)
	at io.vertx.core.http.impl.HttpServerImpl$ServerHandlerWithWebSockets.handleMessage(HttpServerImpl.java:614)
	at io.vertx.core.net.impl.VertxHandler.lambda$channelRead$1(VertxHandler.java:150)
	at io.vertx.core.impl.ContextImpl.lambda$wrapTask$2(ContextImpl.java:342)
	at io.vertx.core.impl.ContextImpl.executeFromIO(ContextImpl.java:200)
	at io.vertx.core.net.impl.VertxHandler.channelRead(VertxHandler.java:148)
	at io.netty.channel.AbstractChannelHandlerContext.invokeChannelRead(AbstractChannelHandlerContext.java:362)
	at io.netty.channel.AbstractChannelHandlerContext.invokeChannelRead(AbstractChannelHandlerContext.java:348)
	at io.netty.channel.AbstractChannelHandlerContext.fireChannelRead(AbstractChannelHandlerContext.java:340)
	at io.netty.channel.ChannelInboundHandlerAdapter.channelRead(ChannelInboundHandlerAdapter.java:86)
	at io.netty.channel.AbstractChannelHandlerContext.invokeChannelRead(AbstractChannelHandlerContext.java:362)
	at io.netty.channel.AbstractChannelHandlerContext.invokeChannelRead(AbstractChannelHandlerContext.java:348)
	at io.netty.channel.AbstractChannelHandlerContext.fireChannelRead(AbstractChannelHandlerContext.java:340)
	at io.netty.handler.codec.ByteToMessageDecoder.fireChannelRead(ByteToMessageDecoder.java:310)
	at io.netty.handler.codec.ByteToMessageDecoder.channelRead(ByteToMessageDecoder.java:284)
	at io.netty.channel.AbstractChannelHandlerContext.invokeChannelRead(AbstractChannelHandlerContext.java:362)
	at io.netty.channel.AbstractChannelHandlerContext.invokeChannelRead(AbstractChannelHandlerContext.java:348)
	at io.netty.channel.AbstractChannelHandlerContext.fireChannelRead(AbstractChannelHandlerContext.java:340)
	at io.netty.handler.ssl.SslHandler.unwrap(SslHandler.java:1336)
	at io.netty.handler.ssl.SslHandler.decodeJdkCompatible(SslHandler.java:1127)
	at io.netty.handler.ssl.SslHandler.decode(SslHandler.java:1162)
	at io.netty.handler.codec.ByteToMessageDecoder.decodeRemovalReentryProtection(ByteToMessageDecoder.java:489)
	at io.netty.handler.codec.ByteToMessageDecoder.callDecode(ByteToMessageDecoder.java:428)
	at io.netty.handler.codec.ByteToMessageDecoder.channelRead(ByteToMessageDecoder.java:265)
	at io.netty.channel.AbstractChannelHandlerContext.invokeChannelRead(AbstractChannelHandlerContext.java:362)
	at io.netty.channel.AbstractChannelHandlerContext.invokeChannelRead(AbstractChannelHandlerContext.java:348)
	at io.netty.channel.AbstractChannelHandlerContext.fireChannelRead(AbstractChannelHandlerContext.java:340)
	at io.netty.channel.DefaultChannelPipeline$HeadContext.channelRead(DefaultChannelPipeline.java:1359)
	at io.netty.channel.AbstractChannelHandlerContext.invokeChannelRead(AbstractChannelHandlerContext.java:362)
	at io.netty.channel.AbstractChannelHandlerContext.invokeChannelRead(AbstractChannelHandlerContext.java:348)
	at io.netty.channel.DefaultChannelPipeline.fireChannelRead(DefaultChannelPipeline.java:935)
	at io.netty.channel.nio.AbstractNioByteChannel$NioByteUnsafe.read(AbstractNioByteChannel.java:134)
	at io.netty.channel.nio.NioEventLoop.processSelectedKey(NioEventLoop.java:645)
	at io.netty.channel.nio.NioEventLoop.processSelectedKeysPlain(NioEventLoop.java:545)
	at io.netty.channel.nio.NioEventLoop.processSelectedKeys(NioEventLoop.java:499)
	at io.netty.channel.nio.NioEventLoop.run(NioEventLoop.java:459)
	at io.netty.util.concurrent.SingleThreadEventExecutor$5.run(SingleThreadEventExecutor.java:858)
	at java.base/java.lang.Thread.run(Thread.java:1623)
-> GET /sso/Login?forwardTo=22&RL=1&ip2loc=US
uri /sso/Login?forwardTo=22&RL=1&ip2loc=US failed
java.net.UnknownHostException: api.ibkr.com
	at java.base/java.net.InetAddress$CachedAddresses.get(InetAddress.java:953)
	at java.base/java.net.InetAddress.getAllByName0(InetAddress.java:1673)
	at java.base/java.net.InetAddress.getAllByName(InetAddress.java:1533)
	at java.base/java.net.InetAddress.getByName(InetAddress.java:1415)
	at io.netty.util.internal.SocketUtils$8.run(SocketUtils.java:146)
	at io.netty.util.internal.SocketUtils$8.run(SocketUtils.java:143)
	at java.base/java.security.AccessController.doPrivileged(AccessController.java:571)
	at io.netty.util.internal.SocketUtils.addressByName(SocketUtils.java:143)
	at io.netty.resolver.DefaultNameResolver.doResolve(DefaultNameResolver.java:43)
	at io.netty.resolver.SimpleNameResolver.resolve(SimpleNameResolver.java:63)
	at io.netty.resolver.SimpleNameResolver.resolve(SimpleNameResolver.java:55)
	at io.netty.resolver.InetSocketAddressResolver.doResolve(InetSocketAddressResolver.java:57)
	at io.netty.resolver.InetSocketAddressResolver.doResolve(InetSocketAddressResolver.java:32)
	at io.netty.resolver.AbstractAddressResolver.resolve(AbstractAddressResolver.java:108)
	at io.netty.bootstrap.Bootstrap.doResolveAndConnect0(Bootstrap.java:208)
	at io.netty.bootstrap.Bootstrap.doResolveAndConnect(Bootstrap.java:170)
	at io.netty.bootstrap.Bootstrap.connect(Bootstrap.java:145)
	at io.vertx.core.net.impl.ChannelProvider.connect(ChannelProvider.java:38)
	at io.vertx.core.http.impl.ConnectionManager$ChannelConnector.connect(ConnectionManager.java:537)
	at io.vertx.core.http.impl.ConnectionManager$ConnQueue.createNewConnection(ConnectionManager.java:294)
	at io.vertx.core.http.impl.ConnectionManager$ConnQueue.getConnection(ConnectionManager.java:237)
	at io.vertx.core.http.impl.ConnectionManager.getConnectionForRequest(ConnectionManager.java:171)
	at io.vertx.core.http.impl.HttpClientImpl.getConnectionForRequest(HttpClientImpl.java:950)
	at io.vertx.core.http.impl.HttpClientRequestImpl.connect(HttpClientRequestImpl.java:745)
	at io.vertx.core.http.impl.HttpClientRequestImpl.write(HttpClientRequestImpl.java:867)
	at io.vertx.core.http.impl.HttpClientRequestImpl.end(HttpClientRequestImpl.java:358)
	at ibgroup.web.core.clientportal.gw.http.HttpProxy.lambda$internalProxy$9(HttpProxy.java:151)
	at io.vertx.core.http.impl.HttpServerRequestImpl.handleEnd(HttpServerRequestImpl.java:418)
	at io.vertx.core.http.impl.ServerConnection.handleLastHttpContent(ServerConnection.java:475)
	at io.vertx.core.http.impl.ServerConnection.processMessage(ServerConnection.java:446)
	at io.vertx.core.http.impl.ServerConnection.handleMessage(ServerConnection.java:156)
	at io.vertx.core.http.impl.HttpServerImpl$ServerHandlerWithWebSockets.handleMessage(HttpServerImpl.java:705)
	at io.vertx.core.http.impl.HttpServerImpl$ServerHandlerWithWebSockets.handleMessage(HttpServerImpl.java:614)
	at io.vertx.core.net.impl.VertxHandler.lambda$channelRead$1(VertxHandler.java:150)
	at io.vertx.core.impl.ContextImpl.lambda$wrapTask$2(ContextImpl.java:342)
	at io.vertx.core.impl.ContextImpl.executeFromIO(ContextImpl.java:200)
	at io.vertx.core.net.impl.VertxHandler.channelRead(VertxHandler.java:148)
	at io.netty.channel.AbstractChannelHandlerContext.invokeChannelRead(AbstractChannelHandlerContext.java:362)
	at io.netty.channel.AbstractChannelHandlerContext.invokeChannelRead(AbstractChannelHandlerContext.java:348)
	at io.netty.channel.AbstractChannelHandlerContext.fireChannelRead(AbstractChannelHandlerContext.java:340)
	at io.netty.channel.ChannelInboundHandlerAdapter.channelRead(ChannelInboundHandlerAdapter.java:86)
	at io.netty.channel.AbstractChannelHandlerContext.invokeChannelRead(AbstractChannelHandlerContext.java:362)
	at io.netty.channel.AbstractChannelHandlerContext.invokeChannelRead(AbstractChannelHandlerContext.java:348)
	at io.netty.channel.AbstractChannelHandlerContext.fireChannelRead(AbstractChannelHandlerContext.java:340)
	at io.netty.handler.codec.ByteToMessageDecoder.fireChannelRead(ByteToMessageDecoder.java:310)
	at io.netty.handler.codec.ByteToMessageDecoder.channelRead(ByteToMessageDecoder.java:284)
	at io.netty.channel.AbstractChannelHandlerContext.invokeChannelRead(AbstractChannelHandlerContext.java:362)
	at io.netty.channel.AbstractChannelHandlerContext.invokeChannelRead(AbstractChannelHandlerContext.java:348)
	at io.netty.channel.AbstractChannelHandlerContext.fireChannelRead(AbstractChannelHandlerContext.java:340)
	at io.netty.handler.ssl.SslHandler.unwrap(SslHandler.java:1336)
	at io.netty.handler.ssl.SslHandler.decodeJdkCompatible(SslHandler.java:1127)
	at io.netty.handler.ssl.SslHandler.decode(SslHandler.java:1162)
	at io.netty.handler.codec.ByteToMessageDecoder.decodeRemovalReentryProtection(ByteToMessageDecoder.java:489)
	at io.netty.handler.codec.ByteToMessageDecoder.callDecode(ByteToMessageDecoder.java:428)
	at io.netty.handler.codec.ByteToMessageDecoder.channelRead(ByteToMessageDecoder.java:265)
	at io.netty.channel.AbstractChannelHandlerContext.invokeChannelRead(AbstractChannelHandlerContext.java:362)
	at io.netty.channel.AbstractChannelHandlerContext.invokeChannelRead(AbstractChannelHandlerContext.java:348)
	at io.netty.channel.AbstractChannelHandlerContext.fireChannelRead(AbstractChannelHandlerContext.java:340)
	at io.netty.channel.DefaultChannelPipeline$HeadContext.channelRead(DefaultChannelPipeline.java:1359)
	at io.netty.channel.AbstractChannelHandlerContext.invokeChannelRead(AbstractChannelHandlerContext.java:362)
	at io.netty.channel.AbstractChannelHandlerContext.invokeChannelRead(AbstractChannelHandlerContext.java:348)
	at io.netty.channel.DefaultChannelPipeline.fireChannelRead(DefaultChannelPipeline.java:935)
	at io.netty.channel.nio.AbstractNioByteChannel$NioByteUnsafe.read(AbstractNioByteChannel.java:134)
	at io.netty.channel.nio.NioEventLoop.processSelectedKey(NioEventLoop.java:645)
	at io.netty.channel.nio.NioEventLoop.processSelectedKeysPlain(NioEventLoop.java:545)
	at io.netty.channel.nio.NioEventLoop.processSelectedKeys(NioEventLoop.java:499)
	at io.netty.channel.nio.NioEventLoop.run(NioEventLoop.java:459)
	at io.netty.util.concurrent.SingleThreadEventExecutor$5.run(SingleThreadEventExecutor.java:858)
	at java.base/java.lang.Thread.run(Thread.java:1623)
-> GET /sso/Login?forwardTo=22&RL=1&ip2loc=US
uri /sso/Login?forwardTo=22&RL=1&ip2loc=US failed
java.net.UnknownHostException: api.ibkr.com: nodename nor servname provided, or not known
	at java.base/java.net.Inet4AddressImpl.lookupAllHostAddr(Native Method)
	at java.base/java.net.Inet4AddressImpl.lookupAllHostAddr(Inet4AddressImpl.java:43)
	at java.base/java.net.InetAddress$PlatformResolver.lookupByName(InetAddress.java:1061)
	at java.base/java.net.InetAddress.getAddressesFromNameService(InetAddress.java:1683)
	at java.base/java.net.InetAddress$NameServiceAddresses.get(InetAddress.java:1004)
	at java.base/java.net.InetAddress.getAllByName0(InetAddress.java:1673)
	at java.base/java.net.InetAddress.getAllByName(InetAddress.java:1533)
	at java.base/java.net.InetAddress.getByName(InetAddress.java:1415)
	at io.netty.util.internal.SocketUtils$8.run(SocketUtils.java:146)
	at io.netty.util.internal.SocketUtils$8.run(SocketUtils.java:143)
	at java.base/java.security.AccessController.doPrivileged(AccessController.java:571)
	at io.netty.util.internal.SocketUtils.addressByName(SocketUtils.java:143)
	at io.netty.resolver.DefaultNameResolver.doResolve(DefaultNameResolver.java:43)
	at io.netty.resolver.SimpleNameResolver.resolve(SimpleNameResolver.java:63)
	at io.netty.resolver.SimpleNameResolver.resolve(SimpleNameResolver.java:55)
	at io.netty.resolver.InetSocketAddressResolver.doResolve(InetSocketAddressResolver.java:57)
	at io.netty.resolver.InetSocketAddressResolver.doResolve(InetSocketAddressResolver.java:32)
	at io.netty.resolver.AbstractAddressResolver.resolve(AbstractAddressResolver.java:108)
	at io.netty.bootstrap.Bootstrap.doResolveAndConnect0(Bootstrap.java:208)
	at io.netty.bootstrap.Bootstrap.doResolveAndConnect(Bootstrap.java:170)
	at io.netty.bootstrap.Bootstrap.connect(Bootstrap.java:145)
	at io.vertx.core.net.impl.ChannelProvider.connect(ChannelProvider.java:38)
	at io.vertx.core.http.impl.ConnectionManager$ChannelConnector.connect(ConnectionManager.java:537)
	at io.vertx.core.http.impl.ConnectionManager$ConnQueue.createNewConnection(ConnectionManager.java:294)
	at io.vertx.core.http.impl.ConnectionManager$ConnQueue.getConnection(ConnectionManager.java:237)
	at io.vertx.core.http.impl.ConnectionManager.getConnectionForRequest(ConnectionManager.java:171)
	at io.vertx.core.http.impl.HttpClientImpl.getConnectionForRequest(HttpClientImpl.java:950)
	at io.vertx.core.http.impl.HttpClientRequestImpl.connect(HttpClientRequestImpl.java:745)
	at io.vertx.core.http.impl.HttpClientRequestImpl.write(HttpClientRequestImpl.java:867)
	at io.vertx.core.http.impl.HttpClientRequestImpl.end(HttpClientRequestImpl.java:358)
	at ibgroup.web.core.clientportal.gw.http.HttpProxy.lambda$internalProxy$9(HttpProxy.java:151)
	at io.vertx.core.http.impl.HttpServerRequestImpl.handleEnd(HttpServerRequestImpl.java:418)
	at io.vertx.core.http.impl.ServerConnection.handleLastHttpContent(ServerConnection.java:475)
	at io.vertx.core.http.impl.ServerConnection.processMessage(ServerConnection.java:446)
	at io.vertx.core.http.impl.ServerConnection.handleMessage(ServerConnection.java:156)
	at io.vertx.core.http.impl.HttpServerImpl$ServerHandlerWithWebSockets.handleMessage(HttpServerImpl.java:705)
	at io.vertx.core.http.impl.HttpServerImpl$ServerHandlerWithWebSockets.handleMessage(HttpServerImpl.java:614)
	at io.vertx.core.net.impl.VertxHandler.lambda$channelRead$1(VertxHandler.java:150)
	at io.vertx.core.impl.ContextImpl.lambda$wrapTask$2(ContextImpl.java:342)
	at io.vertx.core.impl.ContextImpl.executeFromIO(ContextImpl.java:200)
	at io.vertx.core.net.impl.VertxHandler.channelRead(VertxHandler.java:148)
	at io.netty.channel.AbstractChannelHandlerContext.invokeChannelRead(AbstractChannelHandlerContext.java:362)
	at io.netty.channel.AbstractChannelHandlerContext.invokeChannelRead(AbstractChannelHandlerContext.java:348)
	at io.netty.channel.AbstractChannelHandlerContext.fireChannelRead(AbstractChannelHandlerContext.java:340)
	at io.netty.channel.ChannelInboundHandlerAdapter.channelRead(ChannelInboundHandlerAdapter.java:86)
	at io.netty.channel.AbstractChannelHandlerContext.invokeChannelRead(AbstractChannelHandlerContext.java:362)
	at io.netty.channel.AbstractChannelHandlerContext.invokeChannelRead(AbstractChannelHandlerContext.java:348)
	at io.netty.channel.AbstractChannelHandlerContext.fireChannelRead(AbstractChannelHandlerContext.java:340)
	at io.netty.handler.codec.ByteToMessageDecoder.fireChannelRead(ByteToMessageDecoder.java:310)
	at io.netty.handler.codec.ByteToMessageDecoder.channelRead(ByteToMessageDecoder.java:284)
	at io.netty.channel.AbstractChannelHandlerContext.invokeChannelRead(AbstractChannelHandlerContext.java:362)
	at io.netty.channel.AbstractChannelHandlerContext.invokeChannelRead(AbstractChannelHandlerContext.java:348)
	at io.netty.channel.AbstractChannelHandlerContext.fireChannelRead(AbstractChannelHandlerContext.java:340)
	at io.netty.handler.ssl.SslHandler.unwrap(SslHandler.java:1336)
	at io.netty.handler.ssl.SslHandler.decodeJdkCompatible(SslHandler.java:1127)
	at io.netty.handler.ssl.SslHandler.decode(SslHandler.java:1162)
	at io.netty.handler.codec.ByteToMessageDecoder.decodeRemovalReentryProtection(ByteToMessageDecoder.java:489)
	at io.netty.handler.codec.ByteToMessageDecoder.callDecode(ByteToMessageDecoder.java:428)
	at io.netty.handler.codec.ByteToMessageDecoder.channelRead(ByteToMessageDecoder.java:265)
	at io.netty.channel.AbstractChannelHandlerContext.invokeChannelRead(AbstractChannelHandlerContext.java:362)
	at io.netty.channel.AbstractChannelHandlerContext.invokeChannelRead(AbstractChannelHandlerContext.java:348)
	at io.netty.channel.AbstractChannelHandlerContext.fireChannelRead(AbstractChannelHandlerContext.java:340)
	at io.netty.channel.DefaultChannelPipeline$HeadContext.channelRead(DefaultChannelPipeline.java:1359)
	at io.netty.channel.AbstractChannelHandlerContext.invokeChannelRead(AbstractChannelHandlerContext.java:362)
	at io.netty.channel.AbstractChannelHandlerContext.invokeChannelRead(AbstractChannelHandlerContext.java:348)
	at io.netty.channel.DefaultChannelPipeline.fireChannelRead(DefaultChannelPipeline.java:935)
	at io.netty.channel.nio.AbstractNioByteChannel$NioByteUnsafe.read(AbstractNioByteChannel.java:134)
	at io.netty.channel.nio.NioEventLoop.processSelectedKey(NioEventLoop.java:645)
	at io.netty.channel.nio.NioEventLoop.processSelectedKeysPlain(NioEventLoop.java:545)
	at io.netty.channel.nio.NioEventLoop.processSelectedKeys(NioEventLoop.java:499)
	at io.netty.channel.nio.NioEventLoop.run(NioEventLoop.java:459)
	at io.netty.util.concurrent.SingleThreadEventExecutor$5.run(SingleThreadEventExecutor.java:858)
	at java.base/java.lang.Thread.run(Thread.java:1623)
-> GET /sso/Login?forwardTo=22&RL=1&ip2loc=US
uri /sso/Login?forwardTo=22&RL=1&ip2loc=US failed
java.net.UnknownHostException: api.ibkr.com: nodename nor servname provided, or not known
	at java.base/java.net.Inet4AddressImpl.lookupAllHostAddr(Native Method)
	at java.base/java.net.Inet4AddressImpl.lookupAllHostAddr(Inet4AddressImpl.java:43)
	at java.base/java.net.InetAddress$PlatformResolver.lookupByName(InetAddress.java:1061)
	at java.base/java.net.InetAddress.getAddressesFromNameService(InetAddress.java:1683)
	at java.base/java.net.InetAddress$NameServiceAddresses.get(InetAddress.java:1004)
	at java.base/java.net.InetAddress.getAllByName0(InetAddress.java:1673)
	at java.base/java.net.InetAddress.getAllByName(InetAddress.java:1533)
	at java.base/java.net.InetAddress.getByName(InetAddress.java:1415)
	at io.netty.util.internal.SocketUtils$8.run(SocketUtils.java:146)
	at io.netty.util.internal.SocketUtils$8.run(SocketUtils.java:143)
	at java.base/java.security.AccessController.doPrivileged(AccessController.java:571)
	at io.netty.util.internal.SocketUtils.addressByName(SocketUtils.java:143)
	at io.netty.resolver.DefaultNameResolver.doResolve(DefaultNameResolver.java:43)
	at io.netty.resolver.SimpleNameResolver.resolve(SimpleNameResolver.java:63)
	at io.netty.resolver.SimpleNameResolver.resolve(SimpleNameResolver.java:55)
	at io.netty.resolver.InetSocketAddressResolver.doResolve(InetSocketAddressResolver.java:57)
	at io.netty.resolver.InetSocketAddressResolver.doResolve(InetSocketAddressResolver.java:32)
	at io.netty.resolver.AbstractAddressResolver.resolve(AbstractAddressResolver.java:108)
	at io.netty.bootstrap.Bootstrap.doResolveAndConnect0(Bootstrap.java:208)
	at io.netty.bootstrap.Bootstrap.doResolveAndConnect(Bootstrap.java:170)
	at io.netty.bootstrap.Bootstrap.connect(Bootstrap.java:145)
	at io.vertx.core.net.impl.ChannelProvider.connect(ChannelProvider.java:38)
	at io.vertx.core.http.impl.ConnectionManager$ChannelConnector.connect(ConnectionManager.java:537)
	at io.vertx.core.http.impl.ConnectionManager$ConnQueue.createNewConnection(ConnectionManager.java:294)
	at io.vertx.core.http.impl.ConnectionManager$ConnQueue.getConnection(ConnectionManager.java:237)
	at io.vertx.core.http.impl.ConnectionManager.getConnectionForRequest(ConnectionManager.java:171)
	at io.vertx.core.http.impl.HttpClientImpl.getConnectionForRequest(HttpClientImpl.java:950)
	at io.vertx.core.http.impl.HttpClientRequestImpl.connect(HttpClientRequestImpl.java:745)
	at io.vertx.core.http.impl.HttpClientRequestImpl.write(HttpClientRequestImpl.java:867)
	at io.vertx.core.http.impl.HttpClientRequestImpl.end(HttpClientRequestImpl.java:358)
	at ibgroup.web.core.clientportal.gw.http.HttpProxy.lambda$internalProxy$9(HttpProxy.java:151)
	at io.vertx.core.http.impl.HttpServerRequestImpl.handleEnd(HttpServerRequestImpl.java:418)
	at io.vertx.core.http.impl.ServerConnection.handleLastHttpContent(ServerConnection.java:475)
	at io.vertx.core.http.impl.ServerConnection.processMessage(ServerConnection.java:446)
	at io.vertx.core.http.impl.ServerConnection.handleMessage(ServerConnection.java:156)
	at io.vertx.core.http.impl.HttpServerImpl$ServerHandlerWithWebSockets.handleMessage(HttpServerImpl.java:705)
	at io.vertx.core.http.impl.HttpServerImpl$ServerHandlerWithWebSockets.handleMessage(HttpServerImpl.java:614)
	at io.vertx.core.net.impl.VertxHandler.lambda$channelRead$1(VertxHandler.java:150)
	at io.vertx.core.impl.ContextImpl.lambda$wrapTask$2(ContextImpl.java:342)
	at io.vertx.core.impl.ContextImpl.executeFromIO(ContextImpl.java:200)
	at io.vertx.core.net.impl.VertxHandler.channelRead(VertxHandler.java:148)
	at io.netty.channel.AbstractChannelHandlerContext.invokeChannelRead(AbstractChannelHandlerContext.java:362)
	at io.netty.channel.AbstractChannelHandlerContext.invokeChannelRead(AbstractChannelHandlerContext.java:348)
	at io.netty.channel.AbstractChannelHandlerContext.fireChannelRead(AbstractChannelHandlerContext.java:340)
	at io.netty.channel.ChannelInboundHandlerAdapter.channelRead(ChannelInboundHandlerAdapter.java:86)
	at io.netty.channel.AbstractChannelHandlerContext.invokeChannelRead(AbstractChannelHandlerContext.java:362)
	at io.netty.channel.AbstractChannelHandlerContext.invokeChannelRead(AbstractChannelHandlerContext.java:348)
	at io.netty.channel.AbstractChannelHandlerContext.fireChannelRead(AbstractChannelHandlerContext.java:340)
	at io.netty.handler.codec.ByteToMessageDecoder.fireChannelRead(ByteToMessageDecoder.java:310)
	at io.netty.handler.codec.ByteToMessageDecoder.channelRead(ByteToMessageDecoder.java:284)
	at io.netty.channel.AbstractChannelHandlerContext.invokeChannelRead(AbstractChannelHandlerContext.java:362)
	at io.netty.channel.AbstractChannelHandlerContext.invokeChannelRead(AbstractChannelHandlerContext.java:348)
	at io.netty.channel.AbstractChannelHandlerContext.fireChannelRead(AbstractChannelHandlerContext.java:340)
	at io.netty.handler.ssl.SslHandler.unwrap(SslHandler.java:1336)
	at io.netty.handler.ssl.SslHandler.decodeJdkCompatible(SslHandler.java:1127)
	at io.netty.handler.ssl.SslHandler.decode(SslHandler.java:1162)
	at io.netty.handler.codec.ByteToMessageDecoder.decodeRemovalReentryProtection(ByteToMessageDecoder.java:489)
	at io.netty.handler.codec.ByteToMessageDecoder.callDecode(ByteToMessageDecoder.java:428)
	at io.netty.handler.codec.ByteToMessageDecoder.channelRead(ByteToMessageDecoder.java:265)
	at io.netty.channel.AbstractChannelHandlerContext.invokeChannelRead(AbstractChannelHandlerContext.java:362)
	at io.netty.channel.AbstractChannelHandlerContext.invokeChannelRead(AbstractChannelHandlerContext.java:348)
	at io.netty.channel.AbstractChannelHandlerContext.fireChannelRead(AbstractChannelHandlerContext.java:340)
	at io.netty.channel.DefaultChannelPipeline$HeadContext.channelRead(DefaultChannelPipeline.java:1359)
	at io.netty.channel.AbstractChannelHandlerContext.invokeChannelRead(AbstractChannelHandlerContext.java:362)
	at io.netty.channel.AbstractChannelHandlerContext.invokeChannelRead(AbstractChannelHandlerContext.java:348)
	at io.netty.channel.DefaultChannelPipeline.fireChannelRead(DefaultChannelPipeline.java:935)
	at io.netty.channel.nio.AbstractNioByteChannel$NioByteUnsafe.read(AbstractNioByteChannel.java:134)
	at io.netty.channel.nio.NioEventLoop.processSelectedKey(NioEventLoop.java:645)
	at io.netty.channel.nio.NioEventLoop.processSelectedKeysPlain(NioEventLoop.java:545)
	at io.netty.channel.nio.NioEventLoop.processSelectedKeys(NioEventLoop.java:499)
	at io.netty.channel.nio.NioEventLoop.run(NioEventLoop.java:459)
	at io.netty.util.concurrent.SingleThreadEventExecutor$5.run(SingleThreadEventExecutor.java:858)
	at java.base/java.lang.Thread.run(Thread.java:1623)
-> GET /sso/Login?forwardTo=22&RL=1&ip2loc=US
<- 200 GET /sso/Login?forwardTo=22&RL=1&ip2loc=US
-> GET /css/bootstrap-5.2.2/bootstrap.min.css
-> GET /css/fontawesome-6.2.0/all.min.css
-> GET /css/ibkr/theme-ibkr-portal.min.css
-> GET /css/reg-am/login.min.css
-> GET /scripts/common/js/jquery-3.7.0/jquery.min.js
-> GET /scripts/common/js/bootstrap-5.2.2/bootstrap.bundle.min.js
<- 200 GET /css/fontawesome-6.2.0/all.min.css
-> GET /sso/lib/xyz.bundle.min.js
<- 200 GET /css/bootstrap-5.2.2/bootstrap.min.css
<- 200 GET /scripts/common/js/jquery-3.7.0/jquery.min.js
-> GET /images/2015/btn-app-apple.png
<- 200 GET /css/reg-am/login.min.css
-> GET /images/2015/btn-app-google.png
<- 200 GET /css/ibkr/theme-ibkr-portal.min.css
<- 200 GET /images/2015/btn-app-apple.png
-> GET /images/2015/btn-app-tws.png
<- 200 GET /scripts/common/js/bootstrap-5.2.2/bootstrap.bundle.min.js
<- 200 GET /sso/lib/xyz.bundle.min.js
<- 200 GET /images/2015/btn-app-google.png
-> GET /images/2015/button_discover_apis.png
<- 200 GET /images/2015/btn-app-tws.png
<- 200 GET /images/2015/button_discover_apis.png
-> GET /images/common/logos/ibkr/interactive-brokers.svg
-> GET /fonts/proxima-nova/Proxima-Nova-Light.woff2
-> GET /fonts/fontawesome-6.4.2/webfonts/fa-solid-900.woff2
-> GET /fonts/proxima-nova/Proxima-Nova-Regular.woff2
-> GET /fonts/proxima-nova/Proxima-Nova-Semibold.woff2
-> POST /portal.proxy/v1/gstat/bulletins
<- 200 GET /fonts/proxima-nova/Proxima-Nova-Light.woff2
-> GET /sso/images/2fa-animated-once.gif
<- 200 GET /fonts/proxima-nova/Proxima-Nova-Regular.woff2
<- 200 GET /fonts/proxima-nova/Proxima-Nova-Semibold.woff2
<- 200 GET /fonts/fontawesome-6.4.2/webfonts/fa-solid-900.woff2
<- 200 GET /images/common/logos/ibkr/interactive-brokers.svg
<- 200 GET /sso/images/2fa-animated-once.gif
-> GET /images/web/favicons/home-screen-icon-128x128.png
<- 200 GET /images/web/favicons/home-screen-icon-128x128.png
<- 204 POST /portal.proxy/v1/gstat/bulletins
-> POST /sso/Authenticator
<- 200 POST /sso/Authenticator
-> POST /sso/Authenticator
<- 200 POST /sso/Authenticator
-> POST /sso/Authenticator
<- 200 POST /sso/Authenticator
-> GET /sso/images/2fa-animated-once.gif?q=0.5497532885947201
-> GET /fonts/proxima-nova/proximanova-extrabold.woff2
<- 200 GET /fonts/proxima-nova/proximanova-extrabold.woff2
<- 200 GET /sso/images/2fa-animated-once.gif?q=0.5497532885947201
-> POST /sso/Authenticator
<- 200 POST /sso/Authenticator
-> POST /sso/Authenticator
<- 200 POST /sso/Authenticator
-> POST /sso/Authenticator
<- 200 POST /sso/Authenticator
-> POST /sso/Authenticator
<- 200 POST /sso/Authenticator
-> POST /sso/Authenticator
<- 200 POST /sso/Authenticator
-> POST /sso/Authenticator
<- 200 POST /sso/Authenticator
-> POST /sso/Authenticator
<- 200 POST /sso/Authenticator
-> POST /sso/Authenticator
<- 200 POST /sso/Authenticator
-> POST /sso/Authenticator
<- 200 POST /sso/Authenticator
-> POST /sso/Authenticator
<- 200 POST /sso/Authenticator
-> POST /sso/Authenticator
<- 200 POST /sso/Authenticator
-> POST /sso/Authenticator
<- 200 POST /sso/Authenticator
-> POST /sso/Authenticator
<- 200 POST /sso/Authenticator
-> POST /sso/Authenticator
<- 200 POST /sso/Authenticator
-> POST /sso/Authenticator
<- 200 POST /sso/Authenticator
-> POST /sso/Authenticator
<- 200 POST /sso/Authenticator
-> POST /sso/Authenticator
<- 200 POST /sso/Authenticator
-> POST /sso/Authenticator
<- 200 POST /sso/Authenticator
-> POST /sso/Dispatcher
<- 302 POST /sso/Dispatcher
-> request: /v1/api/sso/validate?gw=1
-> GET /v1/api/sso/validate?gw=1,200|149ms
-> request: /v1/api/one/user
-> request: /v1/api/ssodh/init
-> sso GET https://api.ibkr.com/v1/api/ssodh/init
-> GET /v1/api/one/user,200|402ms
-> request: /v1/api/ssodh/st
-> sso GET https://api.ibkr.com/v1/api/ssodh/st
-> request: /sso/Authenticator?ACTION=PUBLISH_TST&RESP_TYPE=JSON&DEVICE_ID=12819ea3|5C-E9-1E-81-A5-86
-> sso GET https://api.ibkr.com/sso/Authenticator?ACTION=PUBLISH_TST&RESP_TYPE=JSON&DEVICE_ID=12819ea3|5C-E9-1E-81-A5-86
<- 200 GET https://api.ibkr.com/sso/Authenticator?ACTION=PUBLISH_TST&RESP_TYPE=JSON&DEVICE_ID=12819ea3|5C-E9-1E-81-A5-86 0
-> request: /v1/api/iserver/auth/status
-> GET /v1/api/iserver/auth/status,200|137ms
-> request: /v1/api/iserver/auth/ssodh/init
-> POST https://api.ibkr.com/v1/api/iserver/auth/ssodh/init,200|2587ms
-> request: /v1/api/iserver/accounts
-> GET /v1/api/iserver/accounts,200|198ms
-> request: /v1/api/tickle
-> GET /v1/api/tickle,200|134ms
-> request: /v1/api/tickle
-> GET /v1/api/tickle,200|158ms
-> request: /v1/api/tickle
-> GET /v1/api/tickle,200|147ms
-> request: /v1/api/tickle
-> GET /v1/api/tickle,200|124ms
-> request: /v1/api/tickle
-> GET /v1/api/tickle,200|118ms
-> GET /v1/api/sso/validate
<- 200 GET /v1/api/sso/validate
-> GET /v1/api/portfolio/accounts
<- 200 GET /v1/api/portfolio/accounts
-> GET /v1/api/portfolio/U8494690/positions/0?direction=a&period=1W&sort=position&model=MyModel
<- 200 GET /v1/api/portfolio/U8494690/positions/0?direction=a&period=1W&sort=position&model=MyModel
-> request: /v1/api/tickle
-> GET /v1/api/tickle,200|177ms
-> request: /v1/api/tickle
-> GET /v1/api/tickle,200|161ms
-> request: /v1/api/tickle
-> GET /v1/api/tickle,200|190ms
-> request: /v1/api/tickle
-> GET /v1/api/tickle,200|140ms
-> request: /sso/ping
-> GET /sso/ping,200|131ms
-> request: /v1/api/tickle
-> GET /v1/api/tickle,200|140ms
-> request: /v1/api/tickle
-> GET /v1/api/tickle,200|338ms
-> request: /v1/api/tickle
-> GET /v1/api/tickle,200|128ms
-> request: /v1/api/tickle
-> request: /v1/api/tickle
-> request: /v1/api/tickle
-> request: /v1/api/tickle
-> request: /v1/api/tickle
-> request: /v1/api/tickle
-> request: /v1/api/tickle
-> GET /v1/api/tickle,401|255ms
-> request: /v1/api/sso/validate?gw=1
-> GET /v1/api/sso/validate?gw=1,401|188ms
-> request: /v1/api/sso/validate?gw=1
-> GET /v1/api/sso/validate?gw=1,401|290ms
-> request: /v1/api/sso/validate?gw=1
-> request: /sso/ping
-> GET /v1/api/sso/validate
<- 401 GET /v1/api/sso/validate
-> GET /v1/api/portfolio/accounts
<- 401 GET /v1/api/portfolio/accounts
-> request: /sso/ping
-> GET /sso/ping,200|110ms
-> GET /v1/api/sso/validate
<- 401 GET /v1/api/sso/validate
-> GET /v1/api/portfolio/accounts
<- 401 GET /v1/api/portfolio/accounts
-> GET /v1/api/sso/validate
<- 401 GET /v1/api/sso/validate
-> GET /v1/api/portfolio/accounts
<- 401 GET /v1/api/portfolio/accounts
-> GET /v1/api/sso/validate
<- 401 GET /v1/api/sso/validate
-> GET /v1/api/portfolio/accounts
<- 401 GET /v1/api/portfolio/accounts
-> GET /v1/api/sso/validate
<- 401 GET /v1/api/sso/validate
-> GET /v1/api/portfolio/accounts
<- 401 GET /v1/api/portfolio/accounts
-> GET /v1/api/sso/validate
<- 401 GET /v1/api/sso/validate
-> GET /v1/api/portfolio/accounts
<- 401 GET /v1/api/portfolio/accounts
-> GET /sso/Login?forwardTo=22&RL=1&ip2loc=US
<- 200 GET /sso/Login?forwardTo=22&RL=1&ip2loc=US
-> GET /css/bootstrap-5.2.2/bootstrap.min.css
-> GET /css/reg-am/login.min.css
-> GET /css/ibkr/theme-ibkr-portal.min.css
-> GET /css/fontawesome-6.2.0/all.min.css
-> GET /scripts/common/js/jquery-3.7.0/jquery.min.js
-> GET /scripts/common/js/bootstrap-5.2.2/bootstrap.bundle.min.js
<- 200 GET /css/bootstrap-5.2.2/bootstrap.min.css
<- 200 GET /scripts/common/js/jquery-3.7.0/jquery.min.js
<- 200 GET /css/ibkr/theme-ibkr-portal.min.css
<- 200 GET /css/reg-am/login.min.css
-> GET /sso/lib/xyz.bundle.min.js
-> GET /images/2015/btn-app-apple.png
-> GET /images/2015/btn-app-google.png
<- 200 GET /css/fontawesome-6.2.0/all.min.css
<- 200 GET /scripts/common/js/bootstrap-5.2.2/bootstrap.bundle.min.js
<- 200 GET /sso/lib/xyz.bundle.min.js
<- 200 GET /images/2015/btn-app-apple.png
-> GET /images/2015/btn-app-tws.png
<- 200 GET /images/2015/btn-app-google.png
-> GET /images/2015/button_discover_apis.png
<- 200 GET /images/2015/btn-app-tws.png
<- 200 GET /images/2015/button_discover_apis.png
-> GET /images/common/logos/ibkr/interactive-brokers.svg
-> GET /fonts/proxima-nova/Proxima-Nova-Light.woff2
-> GET /fonts/fontawesome-6.4.2/webfonts/fa-solid-900.woff2
-> GET /fonts/proxima-nova/Proxima-Nova-Semibold.woff2
-> GET /fonts/proxima-nova/Proxima-Nova-Regular.woff2
-> POST /portal.proxy/v1/gstat/bulletins
<- 200 GET /fonts/proxima-nova/Proxima-Nova-Light.woff2
-> GET /sso/images/2fa-animated-once.gif
<- 200 GET /fonts/proxima-nova/Proxima-Nova-Regular.woff2
<- 200 GET /fonts/fontawesome-6.4.2/webfonts/fa-solid-900.woff2
<- 200 GET /sso/images/2fa-animated-once.gif
<- 200 GET /fonts/proxima-nova/Proxima-Nova-Semibold.woff2
<- 200 GET /images/common/logos/ibkr/interactive-brokers.svg
<- 200 POST /portal.proxy/v1/gstat/bulletins
-> GET /fonts/proxima-nova/proximanova-extrabold.woff2
<- 200 GET /fonts/proxima-nova/proximanova-extrabold.woff2
-> POST /sso/Authenticator
<- 200 POST /sso/Authenticator
-> POST /sso/Authenticator
<- 200 POST /sso/Authenticator
-> POST /sso/Authenticator
<- 200 POST /sso/Authenticator
-> GET /sso/images/2fa-animated-once.gif?q=0.5488957313524963
<- 200 GET /sso/images/2fa-animated-once.gif?q=0.5488957313524963
-> POST /sso/Authenticator
<- 200 POST /sso/Authenticator
-> POST /sso/Authenticator
<- 200 POST /sso/Authenticator
-> POST /sso/Authenticator
<- 200 POST /sso/Authenticator
-> POST /sso/Authenticator
<- 200 POST /sso/Authenticator
-> POST /sso/Authenticator
<- 200 POST /sso/Authenticator
-> POST /sso/Dispatcher
<- 302 POST /sso/Dispatcher
-> request: /v1/api/sso/validate?gw=1
-> GET /v1/api/sso/validate?gw=1,200|172ms
-> request: /v1/api/one/user
-> request: /v1/api/ssodh/init
-> sso GET https://api.ibkr.com/v1/api/ssodh/init
-> GET /v1/api/one/user,200|447ms
-> request: /v1/api/ssodh/st
-> sso GET https://api.ibkr.com/v1/api/ssodh/st
-> request: /sso/Authenticator?ACTION=PUBLISH_TST&RESP_TYPE=JSON&DEVICE_ID=159b15ac|5C-E9-1E-81-A5-86
-> sso GET https://api.ibkr.com/sso/Authenticator?ACTION=PUBLISH_TST&RESP_TYPE=JSON&DEVICE_ID=159b15ac|5C-E9-1E-81-A5-86
<- 200 GET https://api.ibkr.com/sso/Authenticator?ACTION=PUBLISH_TST&RESP_TYPE=JSON&DEVICE_ID=159b15ac|5C-E9-1E-81-A5-86 0
-> request: /v1/api/iserver/auth/status
-> GET /v1/api/iserver/auth/status,200|116ms
-> request: /v1/api/iserver/auth/ssodh/init
-> POST https://api.ibkr.com/v1/api/iserver/auth/ssodh/init,200|2513ms
-> request: /v1/api/iserver/accounts
-> GET /v1/api/iserver/accounts,200|184ms
-> GET /v1/api/sso/validate
<- 200 GET /v1/api/sso/validate
-> GET /v1/api/portfolio/accounts
<- 200 GET /v1/api/portfolio/accounts
-> GET /v1/api/portfolio/U8494690/positions/0?direction=a&period=1W&sort=position&model=MyModel
<- 200 GET /v1/api/portfolio/U8494690/positions/0?direction=a&period=1W&sort=position&model=MyModel
-> request: /v1/api/tickle
-> GET /v1/api/tickle,200|125ms
-> request: /v1/api/tickle
-> GET /v1/api/tickle,200|110ms
-> request: /v1/api/tickle
-> GET /v1/api/tickle,200|138ms
-> request: /v1/api/tickle
-> GET /v1/api/tickle,200|153ms
-> request: /v1/api/tickle
-> GET /v1/api/tickle,200|121ms
-> request: /v1/api/tickle
-> GET /v1/api/tickle,200|120ms
-> request: /v1/api/tickle
-> GET /v1/api/tickle,200|113ms
-> request: /v1/api/tickle
-> GET /v1/api/tickle,200|125ms
-> request: /v1/api/tickle
-> GET /v1/api/tickle,200|129ms
-> request: /sso/ping
-> GET /sso/ping,200|107ms
-> request: /v1/api/tickle
-> GET /v1/api/tickle,200|184ms
-> request: /v1/api/tickle
-> GET /v1/api/tickle,200|122ms
-> request: /v1/api/tickle
-> GET /v1/api/tickle,200|114ms
-> request: /v1/api/tickle
-> GET /v1/api/tickle,200|122ms
-> GET /v1/api/sso/validate
<- 200 GET /v1/api/sso/validate
-> GET /v1/api/portfolio/accounts
<- 200 GET /v1/api/portfolio/accounts
-> GET /v1/api/portfolio/U8494690/positions/0?direction=a&period=1W&sort=position&model=MyModel
<- 200 GET /v1/api/portfolio/U8494690/positions/0?direction=a&period=1W&sort=position&model=MyModel
-> request: /v1/api/tickle
-> GET /v1/api/tickle,200|123ms
-> request: /v1/api/tickle
-> GET /v1/api/tickle,200|125ms
-> request: /v1/api/tickle
-> GET /v1/api/tickle,200|117ms
-> GET /v1/api/sso/validate
<- 200 GET /v1/api/sso/validate
-> GET /v1/api/portfolio/accounts
<- 200 GET /v1/api/portfolio/accounts
-> GET /v1/api/portfolio/U8494690/positions/0?direction=a&period=1W&sort=position&model=MyModel
<- 200 GET /v1/api/portfolio/U8494690/positions/0?direction=a&period=1W&sort=position&model=MyModel
-> request: /v1/api/tickle
-> GET /v1/api/tickle,200|177ms
-> request: /v1/api/tickle
-> GET /v1/api/tickle,200|137ms
-> request: /v1/api/tickle
-> GET /v1/api/tickle,200|136ms
-> request: /sso/ping
-> GET /sso/ping,200|113ms
-> request: /v1/api/tickle
-> GET /v1/api/tickle,200|139ms
-> request: /v1/api/tickle
-> GET /v1/api/tickle,200|129ms
-> request: /v1/api/tickle
-> GET /v1/api/tickle,200|132ms
-> request: /v1/api/tickle
-> GET /v1/api/tickle,200|123ms
-> request: /v1/api/tickle
-> GET /v1/api/tickle,200|116ms
-> request: /v1/api/tickle
-> GET /v1/api/tickle,200|252ms
-> request: /v1/api/tickle
-> GET /v1/api/tickle,200|190ms
-> request: /v1/api/tickle
-> GET /v1/api/tickle,200|137ms
-> request: /v1/api/tickle
-> GET /v1/api/tickle,200|148ms
-> request: /v1/api/tickle
-> GET /v1/api/tickle,200|127ms
-> GET /v1/api/sso/validate
<- 200 GET /v1/api/sso/validate
-> GET /v1/api/portfolio/accounts
<- 200 GET /v1/api/portfolio/accounts
-> GET /v1/api/portfolio/U8494690/positions/0?direction=a&period=1W&sort=position&model=MyModel
<- 200 GET /v1/api/portfolio/U8494690/positions/0?direction=a&period=1W&sort=position&model=MyModel
-> request: /sso/ping
-> GET /sso/ping,200|147ms
-> request: /v1/api/tickle
-> GET /v1/api/tickle,200|117ms
-> request: /v1/api/tickle
-> GET /v1/api/tickle,200|153ms
-> GET /v1/api/sso/validate
<- 200 GET /v1/api/sso/validate
-> GET /v1/api/portfolio/accounts
<- 200 GET /v1/api/portfolio/accounts
-> GET /v1/api/portfolio/U8494690/positions/0?direction=a&period=1W&sort=position&model=MyModel
<- 200 GET /v1/api/portfolio/U8494690/positions/0?direction=a&period=1W&sort=position&model=MyModel
-> request: /v1/api/tickle
-> GET /v1/api/tickle,200|132ms
-> GET /v1/api/sso/validate
<- 200 GET /v1/api/sso/validate
-> GET /v1/api/portfolio/accounts
<- 200 GET /v1/api/portfolio/accounts
-> GET /v1/api/portfolio/U8494690/positions/0?direction=a&period=1W&sort=position&model=MyModel
<- 200 GET /v1/api/portfolio/U8494690/positions/0?direction=a&period=1W&sort=position&model=MyModel
-> request: /v1/api/tickle
-> GET /v1/api/tickle,200|119ms
-> request: /v1/api/tickle
-> GET /v1/api/tickle,200|176ms
-> request: /v1/api/tickle
-> GET /v1/api/tickle,200|322ms
-> request: /v1/api/tickle
-> GET /v1/api/tickle,200|115ms
-> GET /v1/api/sso/validate
<- 200 GET /v1/api/sso/validate
-> GET /v1/api/portfolio/accounts
<- 200 GET /v1/api/portfolio/accounts
-> GET /v1/api/portfolio/U8494690/positions/0?direction=a&period=1W&sort=position&model=MyModel
<- 200 GET /v1/api/portfolio/U8494690/positions/0?direction=a&period=1W&sort=position&model=MyModel
-> request: /v1/api/tickle
-> GET /v1/api/tickle,200|121ms
-> request: /v1/api/tickle
-> GET /v1/api/tickle,200|130ms
-> request: /v1/api/tickle
-> GET /v1/api/tickle,200|130ms
-> request: /sso/ping
-> GET /sso/ping,200|112ms
-> request: /v1/api/tickle
-> GET /v1/api/tickle,200|116ms
-> request: /v1/api/tickle
-> GET /v1/api/tickle,200|138ms
-> request: /v1/api/tickle
-> GET /v1/api/tickle,200|129ms
-> request: /v1/api/tickle
-> GET /v1/api/tickle,200|183ms
-> request: /v1/api/tickle
-> GET /v1/api/tickle,200|178ms
-> request: /v1/api/tickle
-> GET /v1/api/tickle,200|161ms
-> GET /v1/api/sso/validate
<- 200 GET /v1/api/sso/validate
-> GET /v1/api/portfolio/accounts
<- 200 GET /v1/api/portfolio/accounts
-> GET /v1/api/portfolio/U8494690/positions/0?direction=a&period=1W&sort=position&model=MyModel
<- 200 GET /v1/api/portfolio/U8494690/positions/0?direction=a&period=1W&sort=position&model=MyModel
-> request: /v1/api/tickle
-> GET /v1/api/tickle,200|120ms
-> GET /v1/api/sso/validate
<- 200 GET /v1/api/sso/validate
-> GET /v1/api/portfolio/accounts
<- 200 GET /v1/api/portfolio/accounts
-> GET /v1/api/portfolio/U8494690/positions/0?direction=a&period=1W&sort=position&model=MyModel
<- 200 GET /v1/api/portfolio/U8494690/positions/0?direction=a&period=1W&sort=position&model=MyModel
-> request: /v1/api/tickle
-> GET /v1/api/tickle,200|128ms
-> GET /v1/api/sso/validate
<- 200 GET /v1/api/sso/validate
-> GET /v1/api/portfolio/accounts
<- 200 GET /v1/api/portfolio/accounts
-> GET /v1/api/portfolio/U8494690/positions/0?direction=a&period=1W&sort=position&model=MyModel
<- 200 GET /v1/api/portfolio/U8494690/positions/0?direction=a&period=1W&sort=position&model=MyModel
-> request: /v1/api/tickle
-> GET /v1/api/tickle,200|123ms
-> request: /v1/api/tickle
-> GET /v1/api/tickle,200|140ms
-> request: /sso/ping
-> GET /sso/ping,200|161ms
-> request: /v1/api/tickle
-> GET /v1/api/tickle,200|152ms
-> request: /v1/api/tickle
-> GET /v1/api/tickle,200|129ms
-> request: /v1/api/tickle
-> GET /v1/api/tickle,200|157ms
-> GET /v1/api/sso/validate
<- 200 GET /v1/api/sso/validate
-> GET /v1/api/portfolio/accounts
<- 200 GET /v1/api/portfolio/accounts
-> GET /v1/api/portfolio/U8494690/positions/0?direction=a&period=1W&sort=position&model=MyModel
<- 200 GET /v1/api/portfolio/U8494690/positions/0?direction=a&period=1W&sort=position&model=MyModel
-> request: /v1/api/tickle
-> GET /v1/api/tickle,200|148ms
-> GET /v1/api/sso/validate
<- 200 GET /v1/api/sso/validate
-> GET /v1/api/portfolio/accounts
<- 200 GET /v1/api/portfolio/accounts
-> GET /v1/api/portfolio/U8494690/positions/0?direction=a&period=1W&sort=position&model=MyModel
<- 200 GET /v1/api/portfolio/U8494690/positions/0?direction=a&period=1W&sort=position&model=MyModel
-> GET /v1/api/sso/validate
<- 200 GET /v1/api/sso/validate
-> GET /v1/api/portfolio/accounts
<- 200 GET /v1/api/portfolio/accounts
-> GET /v1/api/portfolio/U8494690/positions/0?direction=a&period=1W&sort=position&model=MyModel
<- 200 GET /v1/api/portfolio/U8494690/positions/0?direction=a&period=1W&sort=position&model=MyModel
-> request: /v1/api/tickle
-> GET /v1/api/tickle,200|115ms
-> request: /v1/api/tickle
-> GET /v1/api/tickle,200|200ms
-> request: /v1/api/tickle
-> GET /v1/api/tickle,200|118ms
-> request: /v1/api/tickle
-> GET /v1/api/tickle,200|114ms
-> GET /v1/api/sso/validate
<- 200 GET /v1/api/sso/validate
-> GET /v1/api/portfolio/accounts
<- 200 GET /v1/api/portfolio/accounts
-> GET /v1/api/portfolio/U8494690/positions/0?direction=a&period=1W&sort=position&model=MyModel
<- 200 GET /v1/api/portfolio/U8494690/positions/0?direction=a&period=1W&sort=position&model=MyModel
-> request: /v1/api/tickle
-> GET /v1/api/tickle,200|112ms
-> request: /v1/api/tickle
-> GET /v1/api/tickle,200|111ms
-> request: /sso/ping
-> GET /sso/ping,200|107ms
-> request: /v1/api/tickle
-> GET /v1/api/tickle,200|121ms
-> request: /v1/api/tickle
-> GET /v1/api/tickle,200|112ms
-> request: /v1/api/tickle
-> GET /v1/api/tickle,200|123ms
-> request: /v1/api/tickle
-> GET /v1/api/tickle,200|119ms
-> request: /v1/api/tickle
-> GET /v1/api/tickle,200|134ms
-> request: /v1/api/tickle
-> GET /v1/api/tickle,200|120ms
-> request: /v1/api/tickle
-> GET /v1/api/tickle,200|120ms
-> request: /v1/api/tickle
-> GET /v1/api/tickle,200|120ms
-> request: /v1/api/tickle
-> GET /v1/api/tickle,200|116ms
-> request: /v1/api/tickle
-> GET /v1/api/tickle,200|149ms
-> request: /sso/ping
-> GET /sso/ping,200|140ms
-> request: /v1/api/tickle
-> GET /v1/api/tickle,200|173ms
-> request: /v1/api/tickle
-> GET /v1/api/tickle,200|117ms
-> request: /v1/api/tickle
-> GET /v1/api/tickle,200|117ms
-> request: /v1/api/tickle
-> GET /v1/api/tickle,200|115ms
-> request: /v1/api/tickle
-> GET /v1/api/tickle,200|125ms
-> request: /v1/api/tickle
-> GET /v1/api/tickle,200|116ms
-> request: /v1/api/tickle
-> GET /v1/api/tickle,200|128ms
-> request: /v1/api/tickle
-> GET /v1/api/tickle,200|130ms
-> request: /v1/api/tickle
-> GET /v1/api/tickle,200|114ms
-> request: /v1/api/tickle
-> GET /v1/api/tickle,200|119ms
-> request: /sso/ping
-> GET /sso/ping,200|112ms
-> request: /v1/api/tickle
-> GET /v1/api/tickle,200|171ms
-> request: /v1/api/tickle
-> GET /v1/api/tickle,200|115ms
-> request: /v1/api/tickle
-> GET /v1/api/tickle,200|123ms
-> GET /v1/api/sso/validate
<- 200 GET /v1/api/sso/validate
-> GET /v1/api/portfolio/accounts
<- 200 GET /v1/api/portfolio/accounts
-> GET /v1/api/portfolio/U8494690/positions/0?direction=a&period=1W&sort=position&model=MyModel
<- 200 GET /v1/api/portfolio/U8494690/positions/0?direction=a&period=1W&sort=position&model=MyModel
-> request: /v1/api/tickle
-> GET /v1/api/tickle,200|179ms
-> GET /v1/api/sso/validate
<- 200 GET /v1/api/sso/validate
-> GET /v1/api/portfolio/accounts
<- 200 GET /v1/api/portfolio/accounts
-> GET /v1/api/portfolio/U8494690/positions/0?direction=a&period=1W&sort=position&model=MyModel
<- 200 GET /v1/api/portfolio/U8494690/positions/0?direction=a&period=1W&sort=position&model=MyModel
-> GET /v1/api/md/regsnapshot?conid=265768
-> request: /v1/api/tickle
-> GET /v1/api/tickle,200|127ms
<- 503 GET /v1/api/md/regsnapshot?conid=265768
-> GET /v1/api/md/regsnapshot?conid=270662
<- 503 GET /v1/api/md/regsnapshot?conid=270662
-> GET /v1/api/md/regsnapshot?conid=29624264
<- 503 GET /v1/api/md/regsnapshot?conid=29624264
-> GET /v1/api/md/regsnapshot?conid=45157951
-> request: /v1/api/tickle
-> GET /v1/api/tickle,200|138ms
<- 503 GET /v1/api/md/regsnapshot?conid=45157951
-> GET /v1/api/md/regsnapshot?conid=199169591
<- 503 GET /v1/api/md/regsnapshot?conid=199169591
-> GET /v1/api/md/regsnapshot?conid=136155102
<- 503 GET /v1/api/md/regsnapshot?conid=136155102
-> GET /v1/api/md/regsnapshot?conid=494162724
-> GET /v1/api/sso/validate
<- 200 GET /v1/api/sso/validate
-> GET /v1/api/portfolio/accounts
<- 200 GET /v1/api/portfolio/accounts
-> GET /v1/api/portfolio/U8494690/positions/0?direction=a&period=1W&sort=position&model=MyModel
<- 200 GET /v1/api/portfolio/U8494690/positions/0?direction=a&period=1W&sort=position&model=MyModel
-> GET /v1/api/md/regsnapshot?conid=265768
-> request: /v1/api/tickle
-> GET /v1/api/tickle,200|117ms
<- 503 GET /v1/api/md/regsnapshot?conid=494162724
<- 503 GET /v1/api/md/regsnapshot?conid=265768
-> GET /v1/api/md/regsnapshot?conid=270662
<- 503 GET /v1/api/md/regsnapshot?conid=270662
-> GET /v1/api/md/regsnapshot?conid=29624264
-> request: /v1/api/tickle
-> GET /v1/api/tickle,200|119ms
<- 503 GET /v1/api/md/regsnapshot?conid=29624264
-> GET /v1/api/md/regsnapshot?conid=45157951
<- 503 GET /v1/api/md/regsnapshot?conid=45157951
-> GET /v1/api/md/regsnapshot?conid=199169591
<- 503 GET /v1/api/md/regsnapshot?conid=199169591
-> GET /v1/api/md/regsnapshot?conid=136155102
-> request: /v1/api/tickle
-> GET /v1/api/tickle,200|114ms
<- 503 GET /v1/api/md/regsnapshot?conid=136155102
-> GET /v1/api/md/regsnapshot?conid=494162724
<- 503 GET /v1/api/md/regsnapshot?conid=494162724
-> request: /v1/api/tickle
-> GET /v1/api/tickle,200|117ms
-> request: /sso/ping
-> GET /sso/ping,200|123ms
-> request: /v1/api/tickle
-> GET /v1/api/tickle,200|129ms
-> request: /v1/api/tickle
-> GET /v1/api/tickle,200|159ms
-> request: /v1/api/tickle
-> GET /v1/api/tickle,200|119ms
-> request: /v1/api/tickle
-> GET /v1/api/tickle,200|116ms
-> request: /v1/api/tickle
-> GET /v1/api/tickle,200|130ms
-> request: /v1/api/tickle
-> GET /v1/api/tickle,200|157ms
-> request: /v1/api/tickle
-> GET /v1/api/tickle,200|113ms
-> request: /v1/api/tickle
-> GET /v1/api/tickle,200|116ms
-> GET /v1/api/sso/validate
<- 200 GET /v1/api/sso/validate
-> GET /v1/api/portfolio/accounts
<- 200 GET /v1/api/portfolio/accounts
-> GET /v1/api/portfolio/U8494690/positions/0?direction=a&period=1W&sort=position&model=MyModel
<- 200 GET /v1/api/portfolio/U8494690/positions/0?direction=a&period=1W&sort=position&model=MyModel
-> GET /v1/api/iserver/marketdata/snapshot?conids=265768&fields=7289
<- 500 GET /v1/api/iserver/marketdata/snapshot?conids=265768&fields=7289
-> GET /v1/api/iserver/marketdata/snapshot?conids=270662&fields=7289
<- 500 GET /v1/api/iserver/marketdata/snapshot?conids=270662&fields=7289
-> GET /v1/api/iserver/marketdata/snapshot?conids=29624264&fields=7289
<- 500 GET /v1/api/iserver/marketdata/snapshot?conids=29624264&fields=7289
-> GET /v1/api/iserver/marketdata/snapshot?conids=45157951&fields=7289
<- 500 GET /v1/api/iserver/marketdata/snapshot?conids=45157951&fields=7289
-> GET /v1/api/iserver/marketdata/snapshot?conids=199169591&fields=7289
<- 500 GET /v1/api/iserver/marketdata/snapshot?conids=199169591&fields=7289
-> GET /v1/api/iserver/marketdata/snapshot?conids=136155102&fields=7289
<- 500 GET /v1/api/iserver/marketdata/snapshot?conids=136155102&fields=7289
-> GET /v1/api/iserver/marketdata/snapshot?conids=494162724&fields=7289
<- 500 GET /v1/api/iserver/marketdata/snapshot?conids=494162724&fields=7289
-> GET /v1/api/sso/validate
<- 200 GET /v1/api/sso/validate
-> GET /v1/api/portfolio/accounts
<- 200 GET /v1/api/portfolio/accounts
-> GET /v1/api/portfolio/U8494690/positions/0?direction=a&period=1W&sort=position&model=MyModel
<- 200 GET /v1/api/portfolio/U8494690/positions/0?direction=a&period=1W&sort=position&model=MyModel
-> GET /v1/api/iserver/marketdata/snapshot?conids=265768&fields=7289
<- 500 GET /v1/api/iserver/marketdata/snapshot?conids=265768&fields=7289
-> GET /v1/api/iserver/marketdata/snapshot?conids=270662&fields=7289
<- 500 GET /v1/api/iserver/marketdata/snapshot?conids=270662&fields=7289
-> GET /v1/api/iserver/marketdata/snapshot?conids=29624264&fields=7289
<- 500 GET /v1/api/iserver/marketdata/snapshot?conids=29624264&fields=7289
-> GET /v1/api/iserver/marketdata/snapshot?conids=45157951&fields=7289
<- 500 GET /v1/api/iserver/marketdata/snapshot?conids=45157951&fields=7289
-> GET /v1/api/iserver/marketdata/snapshot?conids=199169591&fields=7289
<- 500 GET /v1/api/iserver/marketdata/snapshot?conids=199169591&fields=7289
-> GET /v1/api/iserver/marketdata/snapshot?conids=136155102&fields=7289
<- 500 GET /v1/api/iserver/marketdata/snapshot?conids=136155102&fields=7289
-> GET /v1/api/iserver/marketdata/snapshot?conids=494162724&fields=7289
<- 500 GET /v1/api/iserver/marketdata/snapshot?conids=494162724&fields=7289
-> request: /v1/api/tickle
-> GET /v1/api/tickle,200|155ms
-> request: /v1/api/tickle
-> GET /v1/api/tickle,200|162ms
-> request: /sso/ping
-> GET /sso/ping,200|164ms
-> request: /v1/api/tickle
-> GET /v1/api/tickle,200|133ms
-> request: /v1/api/tickle
-> GET /v1/api/tickle,200|191ms
-> request: /v1/api/tickle
-> GET /v1/api/tickle,200|117ms
-> request: /v1/api/tickle
-> GET /v1/api/tickle,200|136ms
-> request: /v1/api/tickle
-> GET /v1/api/tickle,200|122ms
-> GET /v1/api/sso/validate
<- 200 GET /v1/api/sso/validate
-> GET /v1/api/iserver/accounts
<- 401 GET /v1/api/iserver/accounts
-> GET /v1/api/portfolio/accounts
<- 200 GET /v1/api/portfolio/accounts
-> GET /v1/api/portfolio/U8494690/positions/0?direction=a&period=1W&sort=position&model=MyModel
<- 200 GET /v1/api/portfolio/U8494690/positions/0?direction=a&period=1W&sort=position&model=MyModel
-> GET /v1/api/iserver/marketdata/snapshot?conids=265768&fields=7289
<- 500 GET /v1/api/iserver/marketdata/snapshot?conids=265768&fields=7289
-> GET /v1/api/iserver/marketdata/snapshot?conids=270662&fields=7289
<- 500 GET /v1/api/iserver/marketdata/snapshot?conids=270662&fields=7289
-> GET /v1/api/iserver/marketdata/snapshot?conids=29624264&fields=7289
<- 500 GET /v1/api/iserver/marketdata/snapshot?conids=29624264&fields=7289
-> GET /v1/api/iserver/marketdata/snapshot?conids=45157951&fields=7289
-> request: /v1/api/tickle
<- 500 GET /v1/api/iserver/marketdata/snapshot?conids=45157951&fields=7289
-> GET /v1/api/tickle,200|158ms
-> request: /v1/api/logout
-> GET /v1/api/iserver/marketdata/snapshot?conids=199169591&fields=7289
-> GET /v1/api/logout,200|138ms
<- 400 GET /v1/api/iserver/marketdata/snapshot?conids=199169591&fields=7289
-> GET /v1/api/iserver/marketdata/snapshot?conids=136155102&fields=7289
<- 400 GET /v1/api/iserver/marketdata/snapshot?conids=136155102&fields=7289
-> GET /v1/api/iserver/marketdata/snapshot?conids=494162724&fields=7289
<- 400 GET /v1/api/iserver/marketdata/snapshot?conids=494162724&fields=7289
-> request: /v1/api/tickle
-> GET /v1/api/tickle,200|131ms
-> request: /v1/api/tickle
-> GET /v1/api/tickle,200|116ms
-> request: /v1/api/tickle
-> GET /v1/api/tickle,200|369ms
-> GET /v1/api/sso/validate
<- 200 GET /v1/api/sso/validate
-> GET /v1/api/portfolio/accounts
<- 200 GET /v1/api/portfolio/accounts
-> GET /v1/api/portfolio/U8494690/positions/0?direction=a&period=1W&sort=position&model=MyModel
<- 200 GET /v1/api/portfolio/U8494690/positions/0?direction=a&period=1W&sort=position&model=MyModel
-> GET /v1/api/iserver/marketdata/snapshot?conids=265768&fields=7289
<- 400 GET /v1/api/iserver/marketdata/snapshot?conids=265768&fields=7289
-> GET /v1/api/iserver/marketdata/snapshot?conids=270662&fields=7289
<- 400 GET /v1/api/iserver/marketdata/snapshot?conids=270662&fields=7289
-> GET /v1/api/iserver/marketdata/snapshot?conids=29624264&fields=7289
<- 400 GET /v1/api/iserver/marketdata/snapshot?conids=29624264&fields=7289
-> GET /v1/api/iserver/marketdata/snapshot?conids=45157951&fields=7289
<- 400 GET /v1/api/iserver/marketdata/snapshot?conids=45157951&fields=7289
-> GET /v1/api/iserver/marketdata/snapshot?conids=199169591&fields=7289
<- 400 GET /v1/api/iserver/marketdata/snapshot?conids=199169591&fields=7289
-> GET /v1/api/iserver/marketdata/snapshot?conids=136155102&fields=7289
<- 400 GET /v1/api/iserver/marketdata/snapshot?conids=136155102&fields=7289
-> GET /v1/api/iserver/marketdata/snapshot?conids=494162724&fields=7289
<- 400 GET /v1/api/iserver/marketdata/snapshot?conids=494162724&fields=7289
-> request: /v1/api/tickle
-> GET /v1/api/tickle,200|120ms
-> request: /sso/ping
-> GET /sso/ping,200|115ms
-> request: /v1/api/tickle
-> GET /v1/api/tickle,200|161ms
-> request: /v1/api/tickle
-> GET /v1/api/tickle,200|160ms
-> request: /v1/api/tickle
-> GET /v1/api/tickle,200|118ms
-> request: /v1/api/tickle
-> GET /v1/api/tickle,200|133ms
-> GET /v1/api/sso/validate
<- 200 GET /v1/api/sso/validate
-> GET /v1/api/iserver/accounts
<- 400 GET /v1/api/iserver/accounts
-> GET /v1/api/portfolio/accounts
<- 200 GET /v1/api/portfolio/accounts
-> GET /v1/api/portfolio/U8494690/positions/0?direction=a&period=1W&sort=position&model=MyModel
<- 200 GET /v1/api/portfolio/U8494690/positions/0?direction=a&period=1W&sort=position&model=MyModel
-> GET /v1/api/iserver/marketdata/snapshot?conids=265768,8314&fields=31,84,86
<- 400 GET /v1/api/iserver/marketdata/snapshot?conids=265768,8314&fields=31,84,86
-> GET /v1/api/iserver/marketdata/snapshot?conids=270662,8314&fields=31,84,86
<- 400 GET /v1/api/iserver/marketdata/snapshot?conids=270662,8314&fields=31,84,86
-> GET /v1/api/iserver/marketdata/snapshot?conids=29624264,8314&fields=31,84,86
<- 400 GET /v1/api/iserver/marketdata/snapshot?conids=29624264,8314&fields=31,84,86
-> GET /v1/api/iserver/marketdata/snapshot?conids=45157951,8314&fields=31,84,86
<- 400 GET /v1/api/iserver/marketdata/snapshot?conids=45157951,8314&fields=31,84,86
-> GET /v1/api/iserver/marketdata/snapshot?conids=199169591,8314&fields=31,84,86
<- 400 GET /v1/api/iserver/marketdata/snapshot?conids=199169591,8314&fields=31,84,86
-> GET /v1/api/iserver/marketdata/snapshot?conids=136155102,8314&fields=31,84,86
<- 400 GET /v1/api/iserver/marketdata/snapshot?conids=136155102,8314&fields=31,84,86
-> GET /v1/api/iserver/marketdata/snapshot?conids=494162724,8314&fields=31,84,86
<- 400 GET /v1/api/iserver/marketdata/snapshot?conids=494162724,8314&fields=31,84,86
-> request: /v1/api/tickle
-> GET /v1/api/tickle,200|169ms
-> request: /v1/api/tickle
-> GET /v1/api/tickle,200|120ms
-> request: /v1/api/tickle
-> GET /v1/api/tickle,200|195ms
-> request: /v1/api/tickle
-> GET /v1/api/tickle,200|117ms
-> GET /v1/api/sso/validate
<- 200 GET /v1/api/sso/validate
-> GET /v1/api/iserver/accounts
<- 400 GET /v1/api/iserver/accounts
-> GET /v1/api/portfolio/accounts
<- 200 GET /v1/api/portfolio/accounts
-> GET /v1/api/portfolio/U8494690/positions/0?direction=a&period=1W&sort=position&model=MyModel
<- 200 GET /v1/api/portfolio/U8494690/positions/0?direction=a&period=1W&sort=position&model=MyModel
-> GET /v1/api/iserver/marketdata/snapshot?conids=265768&fields=31,84,86
<- 400 GET /v1/api/iserver/marketdata/snapshot?conids=265768&fields=31,84,86
-> GET /v1/api/iserver/marketdata/snapshot?conids=270662&fields=31,84,86
<- 400 GET /v1/api/iserver/marketdata/snapshot?conids=270662&fields=31,84,86
-> GET /v1/api/iserver/marketdata/snapshot?conids=29624264&fields=31,84,86
-> request: /v1/api/tickle
<- 400 GET /v1/api/iserver/marketdata/snapshot?conids=29624264&fields=31,84,86
-> GET /v1/api/iserver/marketdata/snapshot?conids=45157951&fields=31,84,86
-> GET /v1/api/tickle,200|116ms
<- 400 GET /v1/api/iserver/marketdata/snapshot?conids=45157951&fields=31,84,86
-> GET /v1/api/iserver/marketdata/snapshot?conids=199169591&fields=31,84,86
<- 400 GET /v1/api/iserver/marketdata/snapshot?conids=199169591&fields=31,84,86
-> GET /v1/api/iserver/marketdata/snapshot?conids=136155102&fields=31,84,86
<- 400 GET /v1/api/iserver/marketdata/snapshot?conids=136155102&fields=31,84,86
-> GET /v1/api/iserver/marketdata/snapshot?conids=494162724&fields=31,84,86
<- 400 GET /v1/api/iserver/marketdata/snapshot?conids=494162724&fields=31,84,86
-> request: /v1/api/tickle
-> GET /v1/api/tickle,200|115ms
-> request: /sso/ping
-> GET /sso/ping,200|112ms
-> request: /v1/api/tickle
-> GET /v1/api/tickle,200|116ms
-> GET /v1/api/sso/validate
<- 200 GET /v1/api/sso/validate
-> GET /v1/api/iserver/accounts
<- 400 GET /v1/api/iserver/accounts
-> GET /v1/api/portfolio/accounts
<- 200 GET /v1/api/portfolio/accounts
-> GET /v1/api/portfolio/U8494690/positions/0?direction=a&period=1W&sort=position&model=MyModel
<- 200 GET /v1/api/portfolio/U8494690/positions/0?direction=a&period=1W&sort=position&model=MyModel
-> request: /v1/api/tickle
-> GET /v1/api/tickle,200|185ms
-> request: /v1/api/tickle
-> GET /v1/api/tickle,200|111ms
-> request: /v1/api/tickle
-> GET /v1/api/tickle,200|118ms
-> request: /v1/api/tickle
-> GET /v1/api/tickle,200|126ms
-> request: /v1/api/tickle
-> GET /v1/api/tickle,200|124ms
-> request: /v1/api/tickle
-> GET /v1/api/tickle,200|121ms
-> request: /v1/api/tickle
-> GET /v1/api/tickle,200|122ms
-> request: /v1/api/tickle
-> GET /v1/api/tickle,200|116ms
-> request: /v1/api/tickle
-> GET /v1/api/tickle,200|135ms
-> request: /sso/ping
-> GET /sso/ping,200|176ms
-> request: /v1/api/tickle
-> GET /v1/api/tickle,200|116ms
-> request: /v1/api/tickle
-> GET /v1/api/tickle,200|152ms
